ARM GAS  C:\Users\Alan\AppData\Local\Temp\ccQTRdT3.s 			page 1


   1              		.cpu cortex-m0
   2              		.fpu softvfp
   3              		.eabi_attribute 20, 1
   4              		.eabi_attribute 21, 1
   5              		.eabi_attribute 23, 3
   6              		.eabi_attribute 24, 1
   7              		.eabi_attribute 25, 1
   8              		.eabi_attribute 26, 1
   9              		.eabi_attribute 30, 1
  10              		.eabi_attribute 34, 0
  11              		.eabi_attribute 18, 4
  12              		.code	16
  13              		.file	"capsense_INT.c"
  14              		.text
  15              	.Ltext0:
  16              		.cfi_sections	.debug_frame
  17              		.section	.text.capsense_ISR,"ax",%progbits
  18              		.align	2
  19              		.global	capsense_ISR
  20              		.code	16
  21              		.thumb_func
  22              		.type	capsense_ISR, %function
  23              	capsense_ISR:
  24              	.LFB35:
  25              		.file 1 ".\\Generated_Source\\PSoC4\\capsense_INT.c"
   1:.\Generated_Source\PSoC4/capsense_INT.c **** /*******************************************************************************
   2:.\Generated_Source\PSoC4/capsense_INT.c **** * File Name: capsense_INT.c
   3:.\Generated_Source\PSoC4/capsense_INT.c **** * Version 2.30
   4:.\Generated_Source\PSoC4/capsense_INT.c **** *
   5:.\Generated_Source\PSoC4/capsense_INT.c **** * Description:
   6:.\Generated_Source\PSoC4/capsense_INT.c **** *  This file provides the source code of the  Interrupt Service Routine (ISR)
   7:.\Generated_Source\PSoC4/capsense_INT.c **** *  for the CapSense CSD component.
   8:.\Generated_Source\PSoC4/capsense_INT.c **** *
   9:.\Generated_Source\PSoC4/capsense_INT.c **** * Note:
  10:.\Generated_Source\PSoC4/capsense_INT.c **** *
  11:.\Generated_Source\PSoC4/capsense_INT.c **** ********************************************************************************
  12:.\Generated_Source\PSoC4/capsense_INT.c **** * Copyright 2013-2015, Cypress Semiconductor Corporation.  All rights reserved.
  13:.\Generated_Source\PSoC4/capsense_INT.c **** * You may use this file only in accordance with the license, terms, conditions,
  14:.\Generated_Source\PSoC4/capsense_INT.c **** * disclaimers, and limitations in the end user license agreement accompanying
  15:.\Generated_Source\PSoC4/capsense_INT.c **** * the software package with which this file was provided.
  16:.\Generated_Source\PSoC4/capsense_INT.c **** *******************************************************************************/
  17:.\Generated_Source\PSoC4/capsense_INT.c **** 
  18:.\Generated_Source\PSoC4/capsense_INT.c **** #include "capsense.h"
  19:.\Generated_Source\PSoC4/capsense_INT.c **** #include "capsense_PVT.h"
  20:.\Generated_Source\PSoC4/capsense_INT.c **** 
  21:.\Generated_Source\PSoC4/capsense_INT.c **** 
  22:.\Generated_Source\PSoC4/capsense_INT.c **** 
  23:.\Generated_Source\PSoC4/capsense_INT.c **** /*******************************************************************************
  24:.\Generated_Source\PSoC4/capsense_INT.c **** *  Place your includes, defines and code here
  25:.\Generated_Source\PSoC4/capsense_INT.c **** ********************************************************************************/
  26:.\Generated_Source\PSoC4/capsense_INT.c **** /* `#START capsense_ISR_INTC` */
  27:.\Generated_Source\PSoC4/capsense_INT.c **** 
  28:.\Generated_Source\PSoC4/capsense_INT.c **** /* `#END` */
  29:.\Generated_Source\PSoC4/capsense_INT.c **** 
  30:.\Generated_Source\PSoC4/capsense_INT.c **** 
  31:.\Generated_Source\PSoC4/capsense_INT.c **** /*******************************************************************************
  32:.\Generated_Source\PSoC4/capsense_INT.c **** * Function Name: capsense_ISR
ARM GAS  C:\Users\Alan\AppData\Local\Temp\ccQTRdT3.s 			page 2


  33:.\Generated_Source\PSoC4/capsense_INT.c **** ********************************************************************************
  34:.\Generated_Source\PSoC4/capsense_INT.c **** *
  35:.\Generated_Source\PSoC4/capsense_INT.c **** * Summary:
  36:.\Generated_Source\PSoC4/capsense_INT.c **** *  This ISR is executed when the measure window is closed. The measure window
  37:.\Generated_Source\PSoC4/capsense_INT.c **** *  depends on the sensor scan resolution parameter.
  38:.\Generated_Source\PSoC4/capsense_INT.c **** *  The ISR has two modes:
  39:.\Generated_Source\PSoC4/capsense_INT.c **** *   1. Scans a single sensor and stores the measure result.
  40:.\Generated_Source\PSoC4/capsense_INT.c **** *   2. Stores the result of the current measure and starts the next scan till all
  41:.\Generated_Source\PSoC4/capsense_INT.c **** *      the enabled sensors are scanned.
  42:.\Generated_Source\PSoC4/capsense_INT.c **** *  This interrupt handler is only used in one channel designs.
  43:.\Generated_Source\PSoC4/capsense_INT.c **** *
  44:.\Generated_Source\PSoC4/capsense_INT.c **** * Parameters:
  45:.\Generated_Source\PSoC4/capsense_INT.c **** *  None
  46:.\Generated_Source\PSoC4/capsense_INT.c **** *
  47:.\Generated_Source\PSoC4/capsense_INT.c **** * Return:
  48:.\Generated_Source\PSoC4/capsense_INT.c **** *  None
  49:.\Generated_Source\PSoC4/capsense_INT.c **** *
  50:.\Generated_Source\PSoC4/capsense_INT.c **** * Global Variables:
  51:.\Generated_Source\PSoC4/capsense_INT.c **** *  capsense_csv - used to provide the status and mode of the scanning process.
  52:.\Generated_Source\PSoC4/capsense_INT.c **** *   Mode - a single scan or scan of all the enabled sensors.
  53:.\Generated_Source\PSoC4/capsense_INT.c **** *   Status - scan is in progress or ready for new scan.
  54:.\Generated_Source\PSoC4/capsense_INT.c **** *  capsense_sensorIndex - used to store a sensor scanning sensor number.
  55:.\Generated_Source\PSoC4/capsense_INT.c **** *
  56:.\Generated_Source\PSoC4/capsense_INT.c **** * Reentrant:
  57:.\Generated_Source\PSoC4/capsense_INT.c **** *  No
  58:.\Generated_Source\PSoC4/capsense_INT.c **** *
  59:.\Generated_Source\PSoC4/capsense_INT.c **** *******************************************************************************/
  60:.\Generated_Source\PSoC4/capsense_INT.c **** CY_ISR(capsense_ISR)
  61:.\Generated_Source\PSoC4/capsense_INT.c **** {
  26              		.loc 1 61 0
  27              		.cfi_startproc
  28 0000 10B5     		push	{r4, lr}
  29              		.cfi_def_cfa_offset 8
  30              		.cfi_offset 4, -8
  31              		.cfi_offset 14, -4
  62:.\Generated_Source\PSoC4/capsense_INT.c ****     static uint8 capsense_snsIndexTmp;
  63:.\Generated_Source\PSoC4/capsense_INT.c **** 
  64:.\Generated_Source\PSoC4/capsense_INT.c ****     #ifdef capsense_ISR_ENTRY_CALLBACK
  65:.\Generated_Source\PSoC4/capsense_INT.c ****         capsense_ISR_EntryCallback();
  66:.\Generated_Source\PSoC4/capsense_INT.c ****     #endif /* capsense_ISR_ENTRY_CALLBACK */
  67:.\Generated_Source\PSoC4/capsense_INT.c **** 
  68:.\Generated_Source\PSoC4/capsense_INT.c ****     /*  Place your Interrupt code here. */
  69:.\Generated_Source\PSoC4/capsense_INT.c ****     /* `#START capsense_ISR_ENTER` */
  70:.\Generated_Source\PSoC4/capsense_INT.c **** 
  71:.\Generated_Source\PSoC4/capsense_INT.c ****     /* `#END` */
  72:.\Generated_Source\PSoC4/capsense_INT.c **** 
  73:.\Generated_Source\PSoC4/capsense_INT.c ****     CyIntDisable(capsense_ISR_NUMBER);
  32              		.loc 1 73 0
  33 0002 1020     		mov	r0, #16
  34 0004 FFF7FEFF 		bl	CyIntDisable
  35              	.LVL0:
  74:.\Generated_Source\PSoC4/capsense_INT.c **** 
  75:.\Generated_Source\PSoC4/capsense_INT.c ****     capsense_CSD_INTR_REG = 1u;
  36              		.loc 1 75 0
  37 0008 0122     		mov	r2, #1
  38 000a 1E4B     		ldr	r3, .L7
  39 000c 1A60     		str	r2, [r3]
ARM GAS  C:\Users\Alan\AppData\Local\Temp\ccQTRdT3.s 			page 3


  76:.\Generated_Source\PSoC4/capsense_INT.c **** 
  77:.\Generated_Source\PSoC4/capsense_INT.c ****     capsense_PostScan((uint32)capsense_sensorIndex);
  40              		.loc 1 77 0
  41 000e 1E4B     		ldr	r3, .L7+4
  42 0010 1878     		ldrb	r0, [r3]
  43 0012 C0B2     		uxtb	r0, r0
  44 0014 FFF7FEFF 		bl	capsense_PostScan
  45              	.LVL1:
  78:.\Generated_Source\PSoC4/capsense_INT.c **** 
  79:.\Generated_Source\PSoC4/capsense_INT.c ****     if ((capsense_csdStatusVar & capsense_SW_CTRL_SINGLE_SCAN) != 0u)
  46              		.loc 1 79 0
  47 0018 1C4B     		ldr	r3, .L7+8
  48 001a 1B78     		ldrb	r3, [r3]
  49 001c 5BB2     		sxtb	r3, r3
  50 001e 002B     		cmp	r3, #0
  51 0020 05DA     		bge	.L2
  80:.\Generated_Source\PSoC4/capsense_INT.c ****     {
  81:.\Generated_Source\PSoC4/capsense_INT.c ****         capsense_csdStatusVar &= (uint8)~capsense_SW_STS_BUSY;
  52              		.loc 1 81 0
  53 0022 1A4A     		ldr	r2, .L7+8
  54 0024 1378     		ldrb	r3, [r2]
  55 0026 0121     		mov	r1, #1
  56 0028 8B43     		bic	r3, r1
  57 002a 1370     		strb	r3, [r2]
  58 002c 26E0     		b	.L3
  59              	.L2:
  82:.\Generated_Source\PSoC4/capsense_INT.c ****     }
  83:.\Generated_Source\PSoC4/capsense_INT.c ****     else
  84:.\Generated_Source\PSoC4/capsense_INT.c ****     {
  85:.\Generated_Source\PSoC4/capsense_INT.c ****         /* Proceed scanning */
  86:.\Generated_Source\PSoC4/capsense_INT.c ****         capsense_sensorIndex = capsense_FindNextSensor(capsense_sensorIndex);
  60              		.loc 1 86 0
  61 002e 164C     		ldr	r4, .L7+4
  62 0030 2078     		ldrb	r0, [r4]
  63 0032 C0B2     		uxtb	r0, r0
  64 0034 FFF7FEFF 		bl	capsense_FindNextSensor
  65              	.LVL2:
  66 0038 2070     		strb	r0, [r4]
  87:.\Generated_Source\PSoC4/capsense_INT.c **** 
  88:.\Generated_Source\PSoC4/capsense_INT.c ****         /* Check end of scan */
  89:.\Generated_Source\PSoC4/capsense_INT.c ****         if(capsense_sensorIndex < capsense_TOTAL_SENSOR_COUNT)
  67              		.loc 1 89 0
  68 003a 2378     		ldrb	r3, [r4]
  69 003c DBB2     		uxtb	r3, r3
  70 003e 042B     		cmp	r3, #4
  71 0040 05D8     		bhi	.L4
  90:.\Generated_Source\PSoC4/capsense_INT.c ****         {
  91:.\Generated_Source\PSoC4/capsense_INT.c ****             capsense_PreScan((uint32)capsense_sensorIndex);
  72              		.loc 1 91 0
  73 0042 114B     		ldr	r3, .L7+4
  74 0044 1878     		ldrb	r0, [r3]
  75 0046 C0B2     		uxtb	r0, r0
  76 0048 FFF7FEFF 		bl	capsense_PreScan
  77              	.LVL3:
  78 004c 16E0     		b	.L3
  79              	.L4:
  92:.\Generated_Source\PSoC4/capsense_INT.c ****         }
ARM GAS  C:\Users\Alan\AppData\Local\Temp\ccQTRdT3.s 			page 4


  93:.\Generated_Source\PSoC4/capsense_INT.c ****         else
  94:.\Generated_Source\PSoC4/capsense_INT.c ****         {
  95:.\Generated_Source\PSoC4/capsense_INT.c ****             capsense_csdStatusVar &= (uint8)~capsense_SW_STS_BUSY;
  80              		.loc 1 95 0
  81 004e 0F4B     		ldr	r3, .L7+8
  82 0050 1A78     		ldrb	r2, [r3]
  83 0052 0121     		mov	r1, #1
  84 0054 8A43     		bic	r2, r1
  85 0056 1A70     		strb	r2, [r3]
  96:.\Generated_Source\PSoC4/capsense_INT.c **** 
  97:.\Generated_Source\PSoC4/capsense_INT.c ****              /* Check if widget has been scanned */
  98:.\Generated_Source\PSoC4/capsense_INT.c ****             if((capsense_csdStatusVar & capsense_SW_CTRL_WIDGET_SCAN) != 0u)
  86              		.loc 1 98 0
  87 0058 1B78     		ldrb	r3, [r3]
  88 005a 5B06     		lsl	r3, r3, #25
  89 005c 0ED5     		bpl	.L3
  99:.\Generated_Source\PSoC4/capsense_INT.c ****             {
 100:.\Generated_Source\PSoC4/capsense_INT.c ****                 /* Restore sensorEnableMask array */
 101:.\Generated_Source\PSoC4/capsense_INT.c ****                 for(capsense_snsIndexTmp = 0u;
  90              		.loc 1 101 0
  91 005e 0022     		mov	r2, #0
  92 0060 0B4B     		ldr	r3, .L7+12
  93 0062 1A70     		strb	r2, [r3]
  94 0064 06E0     		b	.L5
  95              	.L6:
 102:.\Generated_Source\PSoC4/capsense_INT.c ****                     capsense_snsIndexTmp < capsense_TOTAL_SENSOR_MASK;
 103:.\Generated_Source\PSoC4/capsense_INT.c ****                     capsense_snsIndexTmp++)
 104:.\Generated_Source\PSoC4/capsense_INT.c ****                 {
 105:.\Generated_Source\PSoC4/capsense_INT.c ****                     /* Backup sensorEnableMask array */
 106:.\Generated_Source\PSoC4/capsense_INT.c ****                     capsense_sensorEnableMask[capsense_snsIndexTmp] = capsense_sensorEnableMaskBack
  96              		.loc 1 106 0
  97 0066 0B4A     		ldr	r2, .L7+16
  98 0068 D15C     		ldrb	r1, [r2, r3]
  99 006a 0B4A     		ldr	r2, .L7+20
 100 006c D154     		strb	r1, [r2, r3]
 103:.\Generated_Source\PSoC4/capsense_INT.c ****                 {
 101              		.loc 1 103 0
 102 006e 0133     		add	r3, r3, #1
 103 0070 074A     		ldr	r2, .L7+12
 104 0072 1370     		strb	r3, [r2]
 105              	.L5:
 102:.\Generated_Source\PSoC4/capsense_INT.c ****                     capsense_snsIndexTmp < capsense_TOTAL_SENSOR_MASK;
 106              		.loc 1 102 0 discriminator 1
 107 0074 064B     		ldr	r3, .L7+12
 108 0076 1B78     		ldrb	r3, [r3]
 101:.\Generated_Source\PSoC4/capsense_INT.c ****                     capsense_snsIndexTmp < capsense_TOTAL_SENSOR_MASK;
 109              		.loc 1 101 0 discriminator 1
 110 0078 002B     		cmp	r3, #0
 111 007a F4D0     		beq	.L6
 112              	.L3:
 107:.\Generated_Source\PSoC4/capsense_INT.c ****                 }
 108:.\Generated_Source\PSoC4/capsense_INT.c ****             }
 109:.\Generated_Source\PSoC4/capsense_INT.c ****         }
 110:.\Generated_Source\PSoC4/capsense_INT.c ****     }
 111:.\Generated_Source\PSoC4/capsense_INT.c ****     CyIntEnable(capsense_ISR_NUMBER);
 113              		.loc 1 111 0
 114 007c 1020     		mov	r0, #16
ARM GAS  C:\Users\Alan\AppData\Local\Temp\ccQTRdT3.s 			page 5


 115 007e FFF7FEFF 		bl	CyIntEnable
 116              	.LVL4:
 112:.\Generated_Source\PSoC4/capsense_INT.c **** 
 113:.\Generated_Source\PSoC4/capsense_INT.c ****     /*  Place your Interrupt code here. */
 114:.\Generated_Source\PSoC4/capsense_INT.c ****     /* `#START capsense_ISR_EXIT` */
 115:.\Generated_Source\PSoC4/capsense_INT.c **** 
 116:.\Generated_Source\PSoC4/capsense_INT.c ****     /* `#END` */
 117:.\Generated_Source\PSoC4/capsense_INT.c **** 
 118:.\Generated_Source\PSoC4/capsense_INT.c ****     #ifdef capsense_ISR_EXIT_CALLBACK
 119:.\Generated_Source\PSoC4/capsense_INT.c ****         capsense_ISR_ExitCallback();
 120:.\Generated_Source\PSoC4/capsense_INT.c ****     #endif /* capsense_ISR_EXIT_CALLBACK */
 121:.\Generated_Source\PSoC4/capsense_INT.c **** }
 117              		.loc 1 121 0
 118              		@ sp needed
 119 0082 10BD     		pop	{r4, pc}
 120              	.L8:
 121              		.align	2
 122              	.L7:
 123 0084 14002840 		.word	1076363284
 124 0088 00000000 		.word	capsense_sensorIndex
 125 008c 00000000 		.word	capsense_csdStatusVar
 126 0090 00000000 		.word	.LANCHOR0
 127 0094 00000000 		.word	capsense_sensorEnableMaskBackup
 128 0098 00000000 		.word	capsense_sensorEnableMask
 129              		.cfi_endproc
 130              	.LFE35:
 131              		.size	capsense_ISR, .-capsense_ISR
 132              		.bss
 133              		.set	.LANCHOR0,. + 0
 134              		.type	capsense_snsIndexTmp.5245, %object
 135              		.size	capsense_snsIndexTmp.5245, 1
 136              	capsense_snsIndexTmp.5245:
 137 0000 00       		.space	1
 138              		.text
 139              	.Letext0:
 140              		.file 2 ".\\Generated_Source\\PSoC4\\cytypes.h"
 141              		.file 3 ".\\Generated_Source\\PSoC4\\capsense.h"
 142              		.file 4 ".\\Generated_Source\\PSoC4\\CyLib.h"
 143              		.file 5 ".\\Generated_Source\\PSoC4\\capsense_PVT.h"
 144              		.section	.debug_info,"",%progbits
 145              	.Ldebug_info0:
 146 0000 A9010000 		.4byte	0x1a9
 147 0004 0400     		.2byte	0x4
 148 0006 00000000 		.4byte	.Ldebug_abbrev0
 149 000a 04       		.byte	0x4
 150 000b 01       		.uleb128 0x1
 151 000c 5D010000 		.4byte	.LASF23
 152 0010 01       		.byte	0x1
 153 0011 0C010000 		.4byte	.LASF24
 154 0015 43020000 		.4byte	.LASF25
 155 0019 00000000 		.4byte	.Ldebug_ranges0+0
 156 001d 00000000 		.4byte	0
 157 0021 00000000 		.4byte	.Ldebug_line0
 158 0025 02       		.uleb128 0x2
 159 0026 01       		.byte	0x1
 160 0027 06       		.byte	0x6
 161 0028 17020000 		.4byte	.LASF0
ARM GAS  C:\Users\Alan\AppData\Local\Temp\ccQTRdT3.s 			page 6


 162 002c 02       		.uleb128 0x2
 163 002d 01       		.byte	0x1
 164 002e 08       		.byte	0x8
 165 002f 63000000 		.4byte	.LASF1
 166 0033 02       		.uleb128 0x2
 167 0034 02       		.byte	0x2
 168 0035 05       		.byte	0x5
 169 0036 F8010000 		.4byte	.LASF2
 170 003a 02       		.uleb128 0x2
 171 003b 02       		.byte	0x2
 172 003c 07       		.byte	0x7
 173 003d 06000000 		.4byte	.LASF3
 174 0041 02       		.uleb128 0x2
 175 0042 04       		.byte	0x4
 176 0043 05       		.byte	0x5
 177 0044 02020000 		.4byte	.LASF4
 178 0048 02       		.uleb128 0x2
 179 0049 04       		.byte	0x4
 180 004a 07       		.byte	0x7
 181 004b 71000000 		.4byte	.LASF5
 182 004f 02       		.uleb128 0x2
 183 0050 08       		.byte	0x8
 184 0051 05       		.byte	0x5
 185 0052 4A010000 		.4byte	.LASF6
 186 0056 02       		.uleb128 0x2
 187 0057 08       		.byte	0x8
 188 0058 07       		.byte	0x7
 189 0059 DF000000 		.4byte	.LASF7
 190 005d 03       		.uleb128 0x3
 191 005e 04       		.byte	0x4
 192 005f 05       		.byte	0x5
 193 0060 696E7400 		.ascii	"int\000"
 194 0064 02       		.uleb128 0x2
 195 0065 04       		.byte	0x4
 196 0066 07       		.byte	0x7
 197 0067 D2000000 		.4byte	.LASF8
 198 006b 04       		.uleb128 0x4
 199 006c 9B000000 		.4byte	.LASF9
 200 0070 02       		.byte	0x2
 201 0071 C2       		.byte	0xc2
 202 0072 2C000000 		.4byte	0x2c
 203 0076 04       		.uleb128 0x4
 204 0077 CB000000 		.4byte	.LASF10
 205 007b 02       		.byte	0x2
 206 007c C4       		.byte	0xc4
 207 007d 48000000 		.4byte	0x48
 208 0081 02       		.uleb128 0x2
 209 0082 04       		.byte	0x4
 210 0083 04       		.byte	0x4
 211 0084 33000000 		.4byte	.LASF11
 212 0088 02       		.uleb128 0x2
 213 0089 08       		.byte	0x8
 214 008a 04       		.byte	0x4
 215 008b A1000000 		.4byte	.LASF12
 216 008f 02       		.uleb128 0x2
 217 0090 01       		.byte	0x1
 218 0091 08       		.byte	0x8
ARM GAS  C:\Users\Alan\AppData\Local\Temp\ccQTRdT3.s 			page 7


 219 0092 58010000 		.4byte	.LASF13
 220 0096 05       		.uleb128 0x5
 221 0097 6B000000 		.4byte	0x6b
 222 009b 06       		.uleb128 0x6
 223 009c 00000000 		.4byte	.LASF14
 224 00a0 02       		.byte	0x2
 225 00a1 6E01     		.2byte	0x16e
 226 00a3 A7000000 		.4byte	0xa7
 227 00a7 05       		.uleb128 0x5
 228 00a8 76000000 		.4byte	0x76
 229 00ac 02       		.uleb128 0x2
 230 00ad 04       		.byte	0x4
 231 00ae 07       		.byte	0x7
 232 00af 41010000 		.4byte	.LASF15
 233 00b3 07       		.uleb128 0x7
 234 00b4 34010000 		.4byte	.LASF26
 235 00b8 01       		.byte	0x1
 236 00b9 3C       		.byte	0x3c
 237 00ba 00000000 		.4byte	.LFB35
 238 00be 9C000000 		.4byte	.LFE35-.LFB35
 239 00c2 01       		.uleb128 0x1
 240 00c3 9C       		.byte	0x9c
 241 00c4 17010000 		.4byte	0x117
 242 00c8 08       		.uleb128 0x8
 243 00c9 39000000 		.4byte	.LASF27
 244 00cd 01       		.byte	0x1
 245 00ce 3E       		.byte	0x3e
 246 00cf 6B000000 		.4byte	0x6b
 247 00d3 05       		.uleb128 0x5
 248 00d4 03       		.byte	0x3
 249 00d5 00000000 		.4byte	capsense_snsIndexTmp.5245
 250 00d9 09       		.uleb128 0x9
 251 00da 08000000 		.4byte	.LVL0
 252 00de 57010000 		.4byte	0x157
 253 00e2 EC000000 		.4byte	0xec
 254 00e6 0A       		.uleb128 0xa
 255 00e7 01       		.uleb128 0x1
 256 00e8 50       		.byte	0x50
 257 00e9 01       		.uleb128 0x1
 258 00ea 40       		.byte	0x40
 259 00eb 00       		.byte	0
 260 00ec 0B       		.uleb128 0xb
 261 00ed 18000000 		.4byte	.LVL1
 262 00f1 68010000 		.4byte	0x168
 263 00f5 0B       		.uleb128 0xb
 264 00f6 38000000 		.4byte	.LVL2
 265 00fa 79010000 		.4byte	0x179
 266 00fe 0B       		.uleb128 0xb
 267 00ff 4C000000 		.4byte	.LVL3
 268 0103 8E010000 		.4byte	0x18e
 269 0107 0C       		.uleb128 0xc
 270 0108 82000000 		.4byte	.LVL4
 271 010c 9F010000 		.4byte	0x19f
 272 0110 0A       		.uleb128 0xa
 273 0111 01       		.uleb128 0x1
 274 0112 50       		.byte	0x50
 275 0113 01       		.uleb128 0x1
ARM GAS  C:\Users\Alan\AppData\Local\Temp\ccQTRdT3.s 			page 8


 276 0114 40       		.byte	0x40
 277 0115 00       		.byte	0
 278 0116 00       		.byte	0
 279 0117 0D       		.uleb128 0xd
 280 0118 F6000000 		.4byte	.LASF16
 281 011c 03       		.byte	0x3
 282 011d D702     		.2byte	0x2d7
 283 011f 96000000 		.4byte	0x96
 284 0123 0D       		.uleb128 0xd
 285 0124 4E000000 		.4byte	.LASF17
 286 0128 03       		.byte	0x3
 287 0129 D802     		.2byte	0x2d8
 288 012b 96000000 		.4byte	0x96
 289 012f 0E       		.uleb128 0xe
 290 0130 6B000000 		.4byte	0x6b
 291 0134 3F010000 		.4byte	0x13f
 292 0138 0F       		.uleb128 0xf
 293 0139 AC000000 		.4byte	0xac
 294 013d 00       		.byte	0
 295 013e 00       		.byte	0
 296 013f 0D       		.uleb128 0xd
 297 0140 23020000 		.4byte	.LASF18
 298 0144 03       		.byte	0x3
 299 0145 DB02     		.2byte	0x2db
 300 0147 2F010000 		.4byte	0x12f
 301 014b 0D       		.uleb128 0xd
 302 014c 19000000 		.4byte	.LASF19
 303 0150 03       		.byte	0x3
 304 0151 DC02     		.2byte	0x2dc
 305 0153 2F010000 		.4byte	0x12f
 306 0157 10       		.uleb128 0x10
 307 0158 EB010000 		.4byte	.LASF20
 308 015c 04       		.byte	0x4
 309 015d 4E       		.byte	0x4e
 310 015e 68010000 		.4byte	0x168
 311 0162 11       		.uleb128 0x11
 312 0163 6B000000 		.4byte	0x6b
 313 0167 00       		.byte	0
 314 0168 10       		.uleb128 0x10
 315 0169 B9000000 		.4byte	.LASF21
 316 016d 05       		.byte	0x5
 317 016e 5B       		.byte	0x5b
 318 016f 79010000 		.4byte	0x179
 319 0173 11       		.uleb128 0x11
 320 0174 76000000 		.4byte	0x76
 321 0178 00       		.byte	0
 322 0179 12       		.uleb128 0x12
 323 017a 83000000 		.4byte	.LASF28
 324 017e 05       		.byte	0x5
 325 017f 6E       		.byte	0x6e
 326 0180 6B000000 		.4byte	0x6b
 327 0184 8E010000 		.4byte	0x18e
 328 0188 11       		.uleb128 0x11
 329 0189 6B000000 		.4byte	0x6b
 330 018d 00       		.byte	0
 331 018e 10       		.uleb128 0x10
 332 018f A8000000 		.4byte	.LASF22
ARM GAS  C:\Users\Alan\AppData\Local\Temp\ccQTRdT3.s 			page 9


 333 0193 05       		.byte	0x5
 334 0194 5A       		.byte	0x5a
 335 0195 9F010000 		.4byte	0x19f
 336 0199 11       		.uleb128 0x11
 337 019a 76000000 		.4byte	0x76
 338 019e 00       		.byte	0
 339 019f 13       		.uleb128 0x13
 340 01a0 0B020000 		.4byte	.LASF29
 341 01a4 04       		.byte	0x4
 342 01a5 4C       		.byte	0x4c
 343 01a6 11       		.uleb128 0x11
 344 01a7 6B000000 		.4byte	0x6b
 345 01ab 00       		.byte	0
 346 01ac 00       		.byte	0
 347              		.section	.debug_abbrev,"",%progbits
 348              	.Ldebug_abbrev0:
 349 0000 01       		.uleb128 0x1
 350 0001 11       		.uleb128 0x11
 351 0002 01       		.byte	0x1
 352 0003 25       		.uleb128 0x25
 353 0004 0E       		.uleb128 0xe
 354 0005 13       		.uleb128 0x13
 355 0006 0B       		.uleb128 0xb
 356 0007 03       		.uleb128 0x3
 357 0008 0E       		.uleb128 0xe
 358 0009 1B       		.uleb128 0x1b
 359 000a 0E       		.uleb128 0xe
 360 000b 55       		.uleb128 0x55
 361 000c 17       		.uleb128 0x17
 362 000d 11       		.uleb128 0x11
 363 000e 01       		.uleb128 0x1
 364 000f 10       		.uleb128 0x10
 365 0010 17       		.uleb128 0x17
 366 0011 00       		.byte	0
 367 0012 00       		.byte	0
 368 0013 02       		.uleb128 0x2
 369 0014 24       		.uleb128 0x24
 370 0015 00       		.byte	0
 371 0016 0B       		.uleb128 0xb
 372 0017 0B       		.uleb128 0xb
 373 0018 3E       		.uleb128 0x3e
 374 0019 0B       		.uleb128 0xb
 375 001a 03       		.uleb128 0x3
 376 001b 0E       		.uleb128 0xe
 377 001c 00       		.byte	0
 378 001d 00       		.byte	0
 379 001e 03       		.uleb128 0x3
 380 001f 24       		.uleb128 0x24
 381 0020 00       		.byte	0
 382 0021 0B       		.uleb128 0xb
 383 0022 0B       		.uleb128 0xb
 384 0023 3E       		.uleb128 0x3e
 385 0024 0B       		.uleb128 0xb
 386 0025 03       		.uleb128 0x3
 387 0026 08       		.uleb128 0x8
 388 0027 00       		.byte	0
 389 0028 00       		.byte	0
ARM GAS  C:\Users\Alan\AppData\Local\Temp\ccQTRdT3.s 			page 10


 390 0029 04       		.uleb128 0x4
 391 002a 16       		.uleb128 0x16
 392 002b 00       		.byte	0
 393 002c 03       		.uleb128 0x3
 394 002d 0E       		.uleb128 0xe
 395 002e 3A       		.uleb128 0x3a
 396 002f 0B       		.uleb128 0xb
 397 0030 3B       		.uleb128 0x3b
 398 0031 0B       		.uleb128 0xb
 399 0032 49       		.uleb128 0x49
 400 0033 13       		.uleb128 0x13
 401 0034 00       		.byte	0
 402 0035 00       		.byte	0
 403 0036 05       		.uleb128 0x5
 404 0037 35       		.uleb128 0x35
 405 0038 00       		.byte	0
 406 0039 49       		.uleb128 0x49
 407 003a 13       		.uleb128 0x13
 408 003b 00       		.byte	0
 409 003c 00       		.byte	0
 410 003d 06       		.uleb128 0x6
 411 003e 16       		.uleb128 0x16
 412 003f 00       		.byte	0
 413 0040 03       		.uleb128 0x3
 414 0041 0E       		.uleb128 0xe
 415 0042 3A       		.uleb128 0x3a
 416 0043 0B       		.uleb128 0xb
 417 0044 3B       		.uleb128 0x3b
 418 0045 05       		.uleb128 0x5
 419 0046 49       		.uleb128 0x49
 420 0047 13       		.uleb128 0x13
 421 0048 00       		.byte	0
 422 0049 00       		.byte	0
 423 004a 07       		.uleb128 0x7
 424 004b 2E       		.uleb128 0x2e
 425 004c 01       		.byte	0x1
 426 004d 3F       		.uleb128 0x3f
 427 004e 19       		.uleb128 0x19
 428 004f 03       		.uleb128 0x3
 429 0050 0E       		.uleb128 0xe
 430 0051 3A       		.uleb128 0x3a
 431 0052 0B       		.uleb128 0xb
 432 0053 3B       		.uleb128 0x3b
 433 0054 0B       		.uleb128 0xb
 434 0055 27       		.uleb128 0x27
 435 0056 19       		.uleb128 0x19
 436 0057 11       		.uleb128 0x11
 437 0058 01       		.uleb128 0x1
 438 0059 12       		.uleb128 0x12
 439 005a 06       		.uleb128 0x6
 440 005b 40       		.uleb128 0x40
 441 005c 18       		.uleb128 0x18
 442 005d 9742     		.uleb128 0x2117
 443 005f 19       		.uleb128 0x19
 444 0060 01       		.uleb128 0x1
 445 0061 13       		.uleb128 0x13
 446 0062 00       		.byte	0
ARM GAS  C:\Users\Alan\AppData\Local\Temp\ccQTRdT3.s 			page 11


 447 0063 00       		.byte	0
 448 0064 08       		.uleb128 0x8
 449 0065 34       		.uleb128 0x34
 450 0066 00       		.byte	0
 451 0067 03       		.uleb128 0x3
 452 0068 0E       		.uleb128 0xe
 453 0069 3A       		.uleb128 0x3a
 454 006a 0B       		.uleb128 0xb
 455 006b 3B       		.uleb128 0x3b
 456 006c 0B       		.uleb128 0xb
 457 006d 49       		.uleb128 0x49
 458 006e 13       		.uleb128 0x13
 459 006f 02       		.uleb128 0x2
 460 0070 18       		.uleb128 0x18
 461 0071 00       		.byte	0
 462 0072 00       		.byte	0
 463 0073 09       		.uleb128 0x9
 464 0074 898201   		.uleb128 0x4109
 465 0077 01       		.byte	0x1
 466 0078 11       		.uleb128 0x11
 467 0079 01       		.uleb128 0x1
 468 007a 31       		.uleb128 0x31
 469 007b 13       		.uleb128 0x13
 470 007c 01       		.uleb128 0x1
 471 007d 13       		.uleb128 0x13
 472 007e 00       		.byte	0
 473 007f 00       		.byte	0
 474 0080 0A       		.uleb128 0xa
 475 0081 8A8201   		.uleb128 0x410a
 476 0084 00       		.byte	0
 477 0085 02       		.uleb128 0x2
 478 0086 18       		.uleb128 0x18
 479 0087 9142     		.uleb128 0x2111
 480 0089 18       		.uleb128 0x18
 481 008a 00       		.byte	0
 482 008b 00       		.byte	0
 483 008c 0B       		.uleb128 0xb
 484 008d 898201   		.uleb128 0x4109
 485 0090 00       		.byte	0
 486 0091 11       		.uleb128 0x11
 487 0092 01       		.uleb128 0x1
 488 0093 31       		.uleb128 0x31
 489 0094 13       		.uleb128 0x13
 490 0095 00       		.byte	0
 491 0096 00       		.byte	0
 492 0097 0C       		.uleb128 0xc
 493 0098 898201   		.uleb128 0x4109
 494 009b 01       		.byte	0x1
 495 009c 11       		.uleb128 0x11
 496 009d 01       		.uleb128 0x1
 497 009e 31       		.uleb128 0x31
 498 009f 13       		.uleb128 0x13
 499 00a0 00       		.byte	0
 500 00a1 00       		.byte	0
 501 00a2 0D       		.uleb128 0xd
 502 00a3 34       		.uleb128 0x34
 503 00a4 00       		.byte	0
ARM GAS  C:\Users\Alan\AppData\Local\Temp\ccQTRdT3.s 			page 12


 504 00a5 03       		.uleb128 0x3
 505 00a6 0E       		.uleb128 0xe
 506 00a7 3A       		.uleb128 0x3a
 507 00a8 0B       		.uleb128 0xb
 508 00a9 3B       		.uleb128 0x3b
 509 00aa 05       		.uleb128 0x5
 510 00ab 49       		.uleb128 0x49
 511 00ac 13       		.uleb128 0x13
 512 00ad 3F       		.uleb128 0x3f
 513 00ae 19       		.uleb128 0x19
 514 00af 3C       		.uleb128 0x3c
 515 00b0 19       		.uleb128 0x19
 516 00b1 00       		.byte	0
 517 00b2 00       		.byte	0
 518 00b3 0E       		.uleb128 0xe
 519 00b4 01       		.uleb128 0x1
 520 00b5 01       		.byte	0x1
 521 00b6 49       		.uleb128 0x49
 522 00b7 13       		.uleb128 0x13
 523 00b8 01       		.uleb128 0x1
 524 00b9 13       		.uleb128 0x13
 525 00ba 00       		.byte	0
 526 00bb 00       		.byte	0
 527 00bc 0F       		.uleb128 0xf
 528 00bd 21       		.uleb128 0x21
 529 00be 00       		.byte	0
 530 00bf 49       		.uleb128 0x49
 531 00c0 13       		.uleb128 0x13
 532 00c1 2F       		.uleb128 0x2f
 533 00c2 0B       		.uleb128 0xb
 534 00c3 00       		.byte	0
 535 00c4 00       		.byte	0
 536 00c5 10       		.uleb128 0x10
 537 00c6 2E       		.uleb128 0x2e
 538 00c7 01       		.byte	0x1
 539 00c8 3F       		.uleb128 0x3f
 540 00c9 19       		.uleb128 0x19
 541 00ca 03       		.uleb128 0x3
 542 00cb 0E       		.uleb128 0xe
 543 00cc 3A       		.uleb128 0x3a
 544 00cd 0B       		.uleb128 0xb
 545 00ce 3B       		.uleb128 0x3b
 546 00cf 0B       		.uleb128 0xb
 547 00d0 27       		.uleb128 0x27
 548 00d1 19       		.uleb128 0x19
 549 00d2 3C       		.uleb128 0x3c
 550 00d3 19       		.uleb128 0x19
 551 00d4 01       		.uleb128 0x1
 552 00d5 13       		.uleb128 0x13
 553 00d6 00       		.byte	0
 554 00d7 00       		.byte	0
 555 00d8 11       		.uleb128 0x11
 556 00d9 05       		.uleb128 0x5
 557 00da 00       		.byte	0
 558 00db 49       		.uleb128 0x49
 559 00dc 13       		.uleb128 0x13
 560 00dd 00       		.byte	0
ARM GAS  C:\Users\Alan\AppData\Local\Temp\ccQTRdT3.s 			page 13


 561 00de 00       		.byte	0
 562 00df 12       		.uleb128 0x12
 563 00e0 2E       		.uleb128 0x2e
 564 00e1 01       		.byte	0x1
 565 00e2 3F       		.uleb128 0x3f
 566 00e3 19       		.uleb128 0x19
 567 00e4 03       		.uleb128 0x3
 568 00e5 0E       		.uleb128 0xe
 569 00e6 3A       		.uleb128 0x3a
 570 00e7 0B       		.uleb128 0xb
 571 00e8 3B       		.uleb128 0x3b
 572 00e9 0B       		.uleb128 0xb
 573 00ea 27       		.uleb128 0x27
 574 00eb 19       		.uleb128 0x19
 575 00ec 49       		.uleb128 0x49
 576 00ed 13       		.uleb128 0x13
 577 00ee 3C       		.uleb128 0x3c
 578 00ef 19       		.uleb128 0x19
 579 00f0 01       		.uleb128 0x1
 580 00f1 13       		.uleb128 0x13
 581 00f2 00       		.byte	0
 582 00f3 00       		.byte	0
 583 00f4 13       		.uleb128 0x13
 584 00f5 2E       		.uleb128 0x2e
 585 00f6 01       		.byte	0x1
 586 00f7 3F       		.uleb128 0x3f
 587 00f8 19       		.uleb128 0x19
 588 00f9 03       		.uleb128 0x3
 589 00fa 0E       		.uleb128 0xe
 590 00fb 3A       		.uleb128 0x3a
 591 00fc 0B       		.uleb128 0xb
 592 00fd 3B       		.uleb128 0x3b
 593 00fe 0B       		.uleb128 0xb
 594 00ff 27       		.uleb128 0x27
 595 0100 19       		.uleb128 0x19
 596 0101 3C       		.uleb128 0x3c
 597 0102 19       		.uleb128 0x19
 598 0103 00       		.byte	0
 599 0104 00       		.byte	0
 600 0105 00       		.byte	0
 601              		.section	.debug_aranges,"",%progbits
 602 0000 1C000000 		.4byte	0x1c
 603 0004 0200     		.2byte	0x2
 604 0006 00000000 		.4byte	.Ldebug_info0
 605 000a 04       		.byte	0x4
 606 000b 00       		.byte	0
 607 000c 0000     		.2byte	0
 608 000e 0000     		.2byte	0
 609 0010 00000000 		.4byte	.LFB35
 610 0014 9C000000 		.4byte	.LFE35-.LFB35
 611 0018 00000000 		.4byte	0
 612 001c 00000000 		.4byte	0
 613              		.section	.debug_ranges,"",%progbits
 614              	.Ldebug_ranges0:
 615 0000 00000000 		.4byte	.LFB35
 616 0004 9C000000 		.4byte	.LFE35
 617 0008 00000000 		.4byte	0
ARM GAS  C:\Users\Alan\AppData\Local\Temp\ccQTRdT3.s 			page 14


 618 000c 00000000 		.4byte	0
 619              		.section	.debug_line,"",%progbits
 620              	.Ldebug_line0:
 621 0000 AA000000 		.section	.debug_str,"MS",%progbits,1
 621      02007600 
 621      00000201 
 621      FB0E0D00 
 621      01010101 
 622              	.LASF14:
 623 0000 72656733 		.ascii	"reg32\000"
 623      3200
 624              	.LASF3:
 625 0006 73686F72 		.ascii	"short unsigned int\000"
 625      7420756E 
 625      7369676E 
 625      65642069 
 625      6E7400
 626              	.LASF19:
 627 0019 63617073 		.ascii	"capsense_sensorEnableMask\000"
 627      656E7365 
 627      5F73656E 
 627      736F7245 
 627      6E61626C 
 628              	.LASF11:
 629 0033 666C6F61 		.ascii	"float\000"
 629      7400
 630              	.LASF27:
 631 0039 63617073 		.ascii	"capsense_snsIndexTmp\000"
 631      656E7365 
 631      5F736E73 
 631      496E6465 
 631      78546D70 
 632              	.LASF17:
 633 004e 63617073 		.ascii	"capsense_sensorIndex\000"
 633      656E7365 
 633      5F73656E 
 633      736F7249 
 633      6E646578 
 634              	.LASF1:
 635 0063 756E7369 		.ascii	"unsigned char\000"
 635      676E6564 
 635      20636861 
 635      7200
 636              	.LASF5:
 637 0071 6C6F6E67 		.ascii	"long unsigned int\000"
 637      20756E73 
 637      69676E65 
 637      6420696E 
 637      7400
 638              	.LASF28:
 639 0083 63617073 		.ascii	"capsense_FindNextSensor\000"
 639      656E7365 
 639      5F46696E 
 639      644E6578 
 639      7453656E 
 640              	.LASF9:
 641 009b 75696E74 		.ascii	"uint8\000"
ARM GAS  C:\Users\Alan\AppData\Local\Temp\ccQTRdT3.s 			page 15


 641      3800
 642              	.LASF12:
 643 00a1 646F7562 		.ascii	"double\000"
 643      6C6500
 644              	.LASF22:
 645 00a8 63617073 		.ascii	"capsense_PreScan\000"
 645      656E7365 
 645      5F507265 
 645      5363616E 
 645      00
 646              	.LASF21:
 647 00b9 63617073 		.ascii	"capsense_PostScan\000"
 647      656E7365 
 647      5F506F73 
 647      74536361 
 647      6E00
 648              	.LASF10:
 649 00cb 75696E74 		.ascii	"uint32\000"
 649      333200
 650              	.LASF8:
 651 00d2 756E7369 		.ascii	"unsigned int\000"
 651      676E6564 
 651      20696E74 
 651      00
 652              	.LASF7:
 653 00df 6C6F6E67 		.ascii	"long long unsigned int\000"
 653      206C6F6E 
 653      6720756E 
 653      7369676E 
 653      65642069 
 654              	.LASF16:
 655 00f6 63617073 		.ascii	"capsense_csdStatusVar\000"
 655      656E7365 
 655      5F637364 
 655      53746174 
 655      75735661 
 656              	.LASF24:
 657 010c 2E5C4765 		.ascii	".\\Generated_Source\\PSoC4\\capsense_INT.c\000"
 657      6E657261 
 657      7465645F 
 657      536F7572 
 657      63655C50 
 658              	.LASF26:
 659 0134 63617073 		.ascii	"capsense_ISR\000"
 659      656E7365 
 659      5F495352 
 659      00
 660              	.LASF15:
 661 0141 73697A65 		.ascii	"sizetype\000"
 661      74797065 
 661      00
 662              	.LASF6:
 663 014a 6C6F6E67 		.ascii	"long long int\000"
 663      206C6F6E 
 663      6720696E 
 663      7400
 664              	.LASF13:
ARM GAS  C:\Users\Alan\AppData\Local\Temp\ccQTRdT3.s 			page 16


 665 0158 63686172 		.ascii	"char\000"
 665      00
 666              	.LASF23:
 667 015d 474E5520 		.ascii	"GNU C 4.9.3 20150303 (release) [ARM/embedded-4_9-br"
 667      4320342E 
 667      392E3320 
 667      32303135 
 667      30333033 
 668 0190 616E6368 		.ascii	"anch revision 221220] -mcpu=cortex-m0 -mthumb -g -O"
 668      20726576 
 668      6973696F 
 668      6E203232 
 668      31323230 
 669 01c3 67202D66 		.ascii	"g -ffunction-sections -ffat-lto-objects\000"
 669      66756E63 
 669      74696F6E 
 669      2D736563 
 669      74696F6E 
 670              	.LASF20:
 671 01eb 4379496E 		.ascii	"CyIntDisable\000"
 671      74446973 
 671      61626C65 
 671      00
 672              	.LASF2:
 673 01f8 73686F72 		.ascii	"short int\000"
 673      7420696E 
 673      7400
 674              	.LASF4:
 675 0202 6C6F6E67 		.ascii	"long int\000"
 675      20696E74 
 675      00
 676              	.LASF29:
 677 020b 4379496E 		.ascii	"CyIntEnable\000"
 677      74456E61 
 677      626C6500 
 678              	.LASF0:
 679 0217 7369676E 		.ascii	"signed char\000"
 679      65642063 
 679      68617200 
 680              	.LASF18:
 681 0223 63617073 		.ascii	"capsense_sensorEnableMaskBackup\000"
 681      656E7365 
 681      5F73656E 
 681      736F7245 
 681      6E61626C 
 682              	.LASF25:
 683 0243 5C5C766D 		.ascii	"\\\\vmware-host\\Shared Folders\\Documents\\BLEIOSA"
 683      77617265 
 683      2D686F73 
 683      745C5368 
 683      61726564 
 684 0271 50505C63 		.ascii	"PP\\capsenseled\\capsenseled.cydsn\000"
 684      61707365 
 684      6E73656C 
 684      65645C63 
 684      61707365 
 685              		.ident	"GCC: (GNU Tools for ARM Embedded Processors) 4.9.3 20150303 (release) [ARM/embedded-4_9-br
ARM GAS  C:\Users\Alan\AppData\Local\Temp\ccQTRdT3.s 			page 17


