--------------- Clean Started: 02/01/2016 14:07:44 Project: capsenseled, Configuration: ARM GCC 4.9-2015-q1-update Debug ---------------
Deleting file ".\CortexM0\ARM_GCC_493\Debug\main.o"
Deleting file ".\CortexM0\ARM_GCC_493\Debug\cyfitter_cfg.o"
Deleting file ".\CortexM0\ARM_GCC_493\Debug\cymetadata.o"
Deleting file ".\CortexM0\ARM_GCC_493\Debug\blue.o"
Deleting file ".\CortexM0\ARM_GCC_493\Debug\red.o"
Deleting file ".\CortexM0\ARM_GCC_493\Debug\capsense.o"
Deleting file ".\CortexM0\ARM_GCC_493\Debug\capsense_PM.o"
Deleting file ".\CortexM0\ARM_GCC_493\Debug\capsense_CSHL.o"
Deleting file ".\CortexM0\ARM_GCC_493\Debug\capsense_INT.o"
Deleting file ".\CortexM0\ARM_GCC_493\Debug\capsense_TunerHelper.o"
Deleting file ".\CortexM0\ARM_GCC_493\Debug\capsense_SMS.o"
Deleting file ".\CortexM0\ARM_GCC_493\Debug\ble.o"
Deleting file ".\CortexM0\ARM_GCC_493\Debug\ble_gatt.o"
Deleting file ".\CortexM0\ARM_GCC_493\Debug\ble_eventHandler.o"
Deleting file ".\CortexM0\ARM_GCC_493\Debug\ble_HAL_INT.o"
Deleting file ".\CortexM0\ARM_GCC_493\Debug\ble_HAL_PVT.o"
Deleting file ".\CortexM0\ARM_GCC_493\Debug\ble_custom.o"
Deleting file ".\CortexM0\ARM_GCC_493\Debug\pwm.o"
Deleting file ".\CortexM0\ARM_GCC_493\Debug\pwm_PM.o"
Deleting file ".\CortexM0\ARM_GCC_493\Debug\Clock_1.o"
Deleting file ".\CortexM0\ARM_GCC_493\Debug\capsense_SampleClk.o"
Deleting file ".\CortexM0\ARM_GCC_493\Debug\capsense_SenseClk.o"
Deleting file ".\CortexM0\ARM_GCC_493\Debug\ble_bless_isr.o"
Deleting file ".\CortexM0\ARM_GCC_493\Debug\Cm0Start.o"
Deleting file ".\CortexM0\ARM_GCC_493\Debug\CyBootAsmGnu.o"
Deleting file ".\CortexM0\ARM_GCC_493\Debug\CyFlash.o"
Deleting file ".\CortexM0\ARM_GCC_493\Debug\CyLib.o"
Deleting file ".\CortexM0\ARM_GCC_493\Debug\cyPm.o"
Deleting file ".\CortexM0\ARM_GCC_493\Debug\cyutils.o"
Deleting file ".\CortexM0\ARM_GCC_493\Debug\CyLFClk.o"
Deleting file ".\CortexM0\ARM_GCC_493\Debug\capsenseled.hex"
Deleting file ".\CortexM0\ARM_GCC_493\Debug\capsenseled.elf"
Deleting file ".\CortexM0\ARM_GCC_493\Debug\capsenseled.map"
Deleting file ".\capsenseled.cycdx"
Deleting file ".\capsenseled.svd"
Deleting file ".\capsenseled.rpt"
Deleting file ".\capsenseled_timing.html"
Deleting file ".\CortexM0\ARM_GCC_493\Debug\.deps\C_FILE.P"
Deleting file ".\CortexM0\ARM_GCC_493\Debug\.deps\ARM_C_FILE.P"
Deleting file ".\CortexM0\ARM_GCC_493\Debug\.deps\GNU_ARM_ASM_FILE.P"
--------------- Clean Succeeded: 02/01/2016 14:07:44 ---------------
