ARM GAS  C:\Users\Alan\AppData\Local\Temp\ccwp3NgM.s 			page 1


   1              		.cpu cortex-m0
   2              		.fpu softvfp
   3              		.eabi_attribute 20, 1
   4              		.eabi_attribute 21, 1
   5              		.eabi_attribute 23, 3
   6              		.eabi_attribute 24, 1
   7              		.eabi_attribute 25, 1
   8              		.eabi_attribute 26, 1
   9              		.eabi_attribute 30, 1
  10              		.eabi_attribute 34, 0
  11              		.eabi_attribute 18, 4
  12              		.code	16
  13              		.file	"ble_custom.c"
  14              		.text
  15              	.Ltext0:
  16              		.cfi_sections	.debug_frame
  17              		.section	.text.CyBle_CustomInit,"ax",%progbits
  18              		.align	2
  19              		.global	CyBle_CustomInit
  20              		.code	16
  21              		.thumb_func
  22              		.type	CyBle_CustomInit, %function
  23              	CyBle_CustomInit:
  24              	.LFB2:
  25              		.file 1 ".\\Generated_Source\\PSoC4\\ble_custom.c"
   1:.\Generated_Source\PSoC4/ble_custom.c **** /***************************************************************************//**
   2:.\Generated_Source\PSoC4/ble_custom.c **** * \file CYBLE_custom.c
   3:.\Generated_Source\PSoC4/ble_custom.c **** * \version 2.30
   4:.\Generated_Source\PSoC4/ble_custom.c **** * 
   5:.\Generated_Source\PSoC4/ble_custom.c **** * \brief
   6:.\Generated_Source\PSoC4/ble_custom.c **** *  Contains the source code for the Custom Service.
   7:.\Generated_Source\PSoC4/ble_custom.c **** * 
   8:.\Generated_Source\PSoC4/ble_custom.c **** ********************************************************************************
   9:.\Generated_Source\PSoC4/ble_custom.c **** * \copyright
  10:.\Generated_Source\PSoC4/ble_custom.c **** * Copyright 2014-2015, Cypress Semiconductor Corporation.  All rights reserved.
  11:.\Generated_Source\PSoC4/ble_custom.c **** * You may use this file only in accordance with the license, terms, conditions,
  12:.\Generated_Source\PSoC4/ble_custom.c **** * disclaimers, and limitations in the end user license agreement accompanying
  13:.\Generated_Source\PSoC4/ble_custom.c **** * the software package with which this file was provided.
  14:.\Generated_Source\PSoC4/ble_custom.c **** *******************************************************************************/
  15:.\Generated_Source\PSoC4/ble_custom.c **** 
  16:.\Generated_Source\PSoC4/ble_custom.c **** 
  17:.\Generated_Source\PSoC4/ble_custom.c **** #include "BLE_eventHandler.h"
  18:.\Generated_Source\PSoC4/ble_custom.c **** 
  19:.\Generated_Source\PSoC4/ble_custom.c **** #ifdef CYBLE_CUSTOM_SERVER
  20:.\Generated_Source\PSoC4/ble_custom.c **** 
  21:.\Generated_Source\PSoC4/ble_custom.c **** /* If any custom service with custom characterisctis is defined in the
  22:.\Generated_Source\PSoC4/ble_custom.c **** * customizer's GUI their handles will be present in this array.
  23:.\Generated_Source\PSoC4/ble_custom.c **** */
  24:.\Generated_Source\PSoC4/ble_custom.c **** /* This array contains attribute handles for the defined Custom Services and their characteristics 
  25:.\Generated_Source\PSoC4/ble_custom.c ****    The array index definitions are located in the CYBLE_custom.h file. */
  26:.\Generated_Source\PSoC4/ble_custom.c **** const CYBLE_CUSTOMS_T cyBle_customs[0x01u] = {
  27:.\Generated_Source\PSoC4/ble_custom.c **** 
  28:.\Generated_Source\PSoC4/ble_custom.c ****     /* MotorService service */
  29:.\Generated_Source\PSoC4/ble_custom.c ****     {
  30:.\Generated_Source\PSoC4/ble_custom.c ****         0x000Cu, /* Handle of the MotorService service */ 
  31:.\Generated_Source\PSoC4/ble_custom.c ****         {
  32:.\Generated_Source\PSoC4/ble_custom.c **** 
ARM GAS  C:\Users\Alan\AppData\Local\Temp\ccwp3NgM.s 			page 2


  33:.\Generated_Source\PSoC4/ble_custom.c ****             /* SpeedLeft characteristic */
  34:.\Generated_Source\PSoC4/ble_custom.c ****             {
  35:.\Generated_Source\PSoC4/ble_custom.c ****                 0x000Eu, /* Handle of the SpeedLeft characteristic */ 
  36:.\Generated_Source\PSoC4/ble_custom.c ****                 
  37:.\Generated_Source\PSoC4/ble_custom.c ****                 /* Array of Descriptors handles */
  38:.\Generated_Source\PSoC4/ble_custom.c ****                 {
  39:.\Generated_Source\PSoC4/ble_custom.c ****                     0x000Fu, /* Handle of the Characteristic User Description descriptor */ 
  40:.\Generated_Source\PSoC4/ble_custom.c ****                     CYBLE_GATT_INVALID_ATTR_HANDLE_VALUE, 
  41:.\Generated_Source\PSoC4/ble_custom.c ****                 }, 
  42:.\Generated_Source\PSoC4/ble_custom.c ****             },
  43:.\Generated_Source\PSoC4/ble_custom.c **** 
  44:.\Generated_Source\PSoC4/ble_custom.c ****             /* SpeedRight characteristic */
  45:.\Generated_Source\PSoC4/ble_custom.c ****             {
  46:.\Generated_Source\PSoC4/ble_custom.c ****                 0x0011u, /* Handle of the SpeedRight characteristic */ 
  47:.\Generated_Source\PSoC4/ble_custom.c ****                 
  48:.\Generated_Source\PSoC4/ble_custom.c ****                 /* Array of Descriptors handles */
  49:.\Generated_Source\PSoC4/ble_custom.c ****                 {
  50:.\Generated_Source\PSoC4/ble_custom.c ****                     0x0012u, /* Handle of the Characteristic User Description descriptor */ 
  51:.\Generated_Source\PSoC4/ble_custom.c ****                     CYBLE_GATT_INVALID_ATTR_HANDLE_VALUE, 
  52:.\Generated_Source\PSoC4/ble_custom.c ****                 }, 
  53:.\Generated_Source\PSoC4/ble_custom.c ****             },
  54:.\Generated_Source\PSoC4/ble_custom.c **** 
  55:.\Generated_Source\PSoC4/ble_custom.c ****             /* TachLeft characteristic */
  56:.\Generated_Source\PSoC4/ble_custom.c ****             {
  57:.\Generated_Source\PSoC4/ble_custom.c ****                 0x0014u, /* Handle of the TachLeft characteristic */ 
  58:.\Generated_Source\PSoC4/ble_custom.c ****                 
  59:.\Generated_Source\PSoC4/ble_custom.c ****                 /* Array of Descriptors handles */
  60:.\Generated_Source\PSoC4/ble_custom.c ****                 {
  61:.\Generated_Source\PSoC4/ble_custom.c ****                     0x0015u, /* Handle of the TachLeftCCCD descriptor */ 
  62:.\Generated_Source\PSoC4/ble_custom.c ****                     0x0016u, /* Handle of the Characteristic User Description descriptor */ 
  63:.\Generated_Source\PSoC4/ble_custom.c ****                 }, 
  64:.\Generated_Source\PSoC4/ble_custom.c ****             },
  65:.\Generated_Source\PSoC4/ble_custom.c **** 
  66:.\Generated_Source\PSoC4/ble_custom.c ****             /* TachRight characteristic */
  67:.\Generated_Source\PSoC4/ble_custom.c ****             {
  68:.\Generated_Source\PSoC4/ble_custom.c ****                 0x0018u, /* Handle of the TachRight characteristic */ 
  69:.\Generated_Source\PSoC4/ble_custom.c ****                 
  70:.\Generated_Source\PSoC4/ble_custom.c ****                 /* Array of Descriptors handles */
  71:.\Generated_Source\PSoC4/ble_custom.c ****                 {
  72:.\Generated_Source\PSoC4/ble_custom.c ****                     0x0019u, /* Handle of the Characteristic User Description descriptor */ 
  73:.\Generated_Source\PSoC4/ble_custom.c ****                     0x001Au, /* Handle of the TachRightCCCD descriptor */ 
  74:.\Generated_Source\PSoC4/ble_custom.c ****                 }, 
  75:.\Generated_Source\PSoC4/ble_custom.c ****             },
  76:.\Generated_Source\PSoC4/ble_custom.c ****         }, 
  77:.\Generated_Source\PSoC4/ble_custom.c ****     },
  78:.\Generated_Source\PSoC4/ble_custom.c **** };
  79:.\Generated_Source\PSoC4/ble_custom.c **** 
  80:.\Generated_Source\PSoC4/ble_custom.c **** 
  81:.\Generated_Source\PSoC4/ble_custom.c **** #endif /* (CYBLE_CUSTOM_SERVER) */
  82:.\Generated_Source\PSoC4/ble_custom.c **** 
  83:.\Generated_Source\PSoC4/ble_custom.c **** #ifdef CYBLE_CUSTOM_CLIENT
  84:.\Generated_Source\PSoC4/ble_custom.c ****     
  85:.\Generated_Source\PSoC4/ble_custom.c **** 
  86:.\Generated_Source\PSoC4/ble_custom.c **** static uint16 cyBle_customDisServIndex;
  87:.\Generated_Source\PSoC4/ble_custom.c **** static uint16 cyBle_customDisCharIndex;
  88:.\Generated_Source\PSoC4/ble_custom.c **** 
  89:.\Generated_Source\PSoC4/ble_custom.c **** #endif /* (CYBLE_CUSTOM_CLIENT) */
ARM GAS  C:\Users\Alan\AppData\Local\Temp\ccwp3NgM.s 			page 3


  90:.\Generated_Source\PSoC4/ble_custom.c **** 
  91:.\Generated_Source\PSoC4/ble_custom.c **** 
  92:.\Generated_Source\PSoC4/ble_custom.c **** /****************************************************************************** 
  93:.\Generated_Source\PSoC4/ble_custom.c **** * Function Name: CyBle_CustomInit
  94:.\Generated_Source\PSoC4/ble_custom.c **** ***************************************************************************//**
  95:.\Generated_Source\PSoC4/ble_custom.c **** * 
  96:.\Generated_Source\PSoC4/ble_custom.c **** *  This function initializes Custom Service.
  97:.\Generated_Source\PSoC4/ble_custom.c **** * 
  98:.\Generated_Source\PSoC4/ble_custom.c **** * \return
  99:.\Generated_Source\PSoC4/ble_custom.c **** *  None
 100:.\Generated_Source\PSoC4/ble_custom.c **** * 
 101:.\Generated_Source\PSoC4/ble_custom.c **** ******************************************************************************/
 102:.\Generated_Source\PSoC4/ble_custom.c **** void CyBle_CustomInit(void)
 103:.\Generated_Source\PSoC4/ble_custom.c **** {
  26              		.loc 1 103 0
  27              		.cfi_startproc
 104:.\Generated_Source\PSoC4/ble_custom.c ****     
 105:.\Generated_Source\PSoC4/ble_custom.c **** #ifdef CYBLE_CUSTOM_CLIENT
 106:.\Generated_Source\PSoC4/ble_custom.c **** 
 107:.\Generated_Source\PSoC4/ble_custom.c ****     uint16 locServIndex;
 108:.\Generated_Source\PSoC4/ble_custom.c ****     uint16 locCharIndex;
 109:.\Generated_Source\PSoC4/ble_custom.c ****     uint16 locDescIndex;
 110:.\Generated_Source\PSoC4/ble_custom.c ****     
 111:.\Generated_Source\PSoC4/ble_custom.c ****     for(locServIndex = 0u; locServIndex < CYBLE_CUSTOMC_SERVICE_COUNT; locServIndex++)
 112:.\Generated_Source\PSoC4/ble_custom.c ****     {
 113:.\Generated_Source\PSoC4/ble_custom.c ****         for(locCharIndex = 0u; locCharIndex < cyBle_customCServ[locServIndex].charCount; locCharInd
 114:.\Generated_Source\PSoC4/ble_custom.c ****         {
 115:.\Generated_Source\PSoC4/ble_custom.c ****             cyBle_customCServ[locServIndex].customServChar[locCharIndex].
 116:.\Generated_Source\PSoC4/ble_custom.c ****                 customServCharHandle = 0u;
 117:.\Generated_Source\PSoC4/ble_custom.c ****             
 118:.\Generated_Source\PSoC4/ble_custom.c ****             for(locDescIndex = 0u; locDescIndex < 
 119:.\Generated_Source\PSoC4/ble_custom.c ****                 cyBle_customCServ[locServIndex].customServChar[locCharIndex].descCount; 
 120:.\Generated_Source\PSoC4/ble_custom.c ****                     locDescIndex++)
 121:.\Generated_Source\PSoC4/ble_custom.c ****             {
 122:.\Generated_Source\PSoC4/ble_custom.c ****                 cyBle_customCServ[locServIndex].customServChar[locCharIndex].
 123:.\Generated_Source\PSoC4/ble_custom.c ****                     customServCharDesc[locDescIndex].descHandle = 0u;
 124:.\Generated_Source\PSoC4/ble_custom.c ****             }
 125:.\Generated_Source\PSoC4/ble_custom.c ****         }
 126:.\Generated_Source\PSoC4/ble_custom.c ****     }
 127:.\Generated_Source\PSoC4/ble_custom.c **** 
 128:.\Generated_Source\PSoC4/ble_custom.c **** #endif /* (CYBLE_CUSTOM_CLIENT) */
 129:.\Generated_Source\PSoC4/ble_custom.c **** }
  28              		.loc 1 129 0
  29              		@ sp needed
  30 0000 7047     		bx	lr
  31              		.cfi_endproc
  32              	.LFE2:
  33              		.size	CyBle_CustomInit, .-CyBle_CustomInit
  34              		.global	cyBle_customs
  35 0002 C046     		.section	.rodata
  36              		.align	2
  37              		.type	cyBle_customs, %object
  38              		.size	cyBle_customs, 26
  39              	cyBle_customs:
  40 0000 0C00     		.short	12
  41 0002 0E00     		.short	14
  42 0004 0F00     		.short	15
ARM GAS  C:\Users\Alan\AppData\Local\Temp\ccwp3NgM.s 			page 4


  43 0006 0000     		.short	0
  44 0008 1100     		.short	17
  45 000a 1200     		.short	18
  46 000c 0000     		.short	0
  47 000e 1400     		.short	20
  48 0010 1500     		.short	21
  49 0012 1600     		.short	22
  50 0014 1800     		.short	24
  51 0016 1900     		.short	25
  52 0018 1A00     		.short	26
  53 001a 0000     		.text
  54              	.Letext0:
  55              		.file 2 ".\\Generated_Source\\PSoC4\\cytypes.h"
  56              		.file 3 ".\\Generated_Source\\PSoC4\\BLE_StackGatt.h"
  57              		.file 4 ".\\Generated_Source\\PSoC4\\BLE_custom.h"
  58              		.file 5 ".\\Generated_Source\\PSoC4\\BLE_Stack.h"
  59              		.section	.debug_info,"",%progbits
  60              	.Ldebug_info0:
  61 0000 CF020000 		.4byte	0x2cf
  62 0004 0400     		.2byte	0x4
  63 0006 00000000 		.4byte	.Ldebug_abbrev0
  64 000a 04       		.byte	0x4
  65 000b 01       		.uleb128 0x1
  66 000c 0C080000 		.4byte	.LASF78
  67 0010 01       		.byte	0x1
  68 0011 73000000 		.4byte	.LASF79
  69 0015 C4060000 		.4byte	.LASF80
  70 0019 00000000 		.4byte	.Ldebug_ranges0+0
  71 001d 00000000 		.4byte	0
  72 0021 00000000 		.4byte	.Ldebug_line0
  73 0025 02       		.uleb128 0x2
  74 0026 01       		.byte	0x1
  75 0027 06       		.byte	0x6
  76 0028 ED030000 		.4byte	.LASF0
  77 002c 02       		.uleb128 0x2
  78 002d 01       		.byte	0x1
  79 002e 08       		.byte	0x8
  80 002f 74030000 		.4byte	.LASF1
  81 0033 02       		.uleb128 0x2
  82 0034 02       		.byte	0x2
  83 0035 05       		.byte	0x5
  84 0036 46000000 		.4byte	.LASF2
  85 003a 02       		.uleb128 0x2
  86 003b 02       		.byte	0x2
  87 003c 07       		.byte	0x7
  88 003d 53050000 		.4byte	.LASF3
  89 0041 02       		.uleb128 0x2
  90 0042 04       		.byte	0x4
  91 0043 05       		.byte	0x5
  92 0044 3E020000 		.4byte	.LASF4
  93 0048 02       		.uleb128 0x2
  94 0049 04       		.byte	0x4
  95 004a 07       		.byte	0x7
  96 004b 7E040000 		.4byte	.LASF5
  97 004f 02       		.uleb128 0x2
  98 0050 08       		.byte	0x8
  99 0051 05       		.byte	0x5
ARM GAS  C:\Users\Alan\AppData\Local\Temp\ccwp3NgM.s 			page 5


 100 0052 04020000 		.4byte	.LASF6
 101 0056 02       		.uleb128 0x2
 102 0057 08       		.byte	0x8
 103 0058 07       		.byte	0x7
 104 0059 12020000 		.4byte	.LASF7
 105 005d 03       		.uleb128 0x3
 106 005e 04       		.byte	0x4
 107 005f 05       		.byte	0x5
 108 0060 696E7400 		.ascii	"int\000"
 109 0064 02       		.uleb128 0x2
 110 0065 04       		.byte	0x4
 111 0066 07       		.byte	0x7
 112 0067 56040000 		.4byte	.LASF8
 113 006b 04       		.uleb128 0x4
 114 006c 1B010000 		.4byte	.LASF70
 115 0070 02       		.byte	0x2
 116 0071 C3       		.byte	0xc3
 117 0072 3A000000 		.4byte	0x3a
 118 0076 02       		.uleb128 0x2
 119 0077 04       		.byte	0x4
 120 0078 04       		.byte	0x4
 121 0079 CB010000 		.4byte	.LASF9
 122 007d 02       		.uleb128 0x2
 123 007e 08       		.byte	0x8
 124 007f 04       		.byte	0x4
 125 0080 03060000 		.4byte	.LASF10
 126 0084 02       		.uleb128 0x2
 127 0085 01       		.byte	0x1
 128 0086 08       		.byte	0x8
 129 0087 32050000 		.4byte	.LASF11
 130 008b 02       		.uleb128 0x2
 131 008c 04       		.byte	0x4
 132 008d 07       		.byte	0x7
 133 008e 6A000000 		.4byte	.LASF12
 134 0092 05       		.uleb128 0x5
 135 0093 01       		.byte	0x1
 136 0094 05       		.byte	0x5
 137 0095 A4       		.byte	0xa4
 138 0096 17020000 		.4byte	0x217
 139 009a 06       		.uleb128 0x6
 140 009b 75010000 		.4byte	.LASF13
 141 009f 00       		.sleb128 0
 142 00a0 06       		.uleb128 0x6
 143 00a1 EA000000 		.4byte	.LASF14
 144 00a5 01       		.sleb128 1
 145 00a6 06       		.uleb128 0x6
 146 00a7 AF070000 		.4byte	.LASF15
 147 00ab 02       		.sleb128 2
 148 00ac 06       		.uleb128 0x6
 149 00ad 42060000 		.4byte	.LASF16
 150 00b1 03       		.sleb128 3
 151 00b2 06       		.uleb128 0x6
 152 00b3 C4000000 		.4byte	.LASF17
 153 00b7 04       		.sleb128 4
 154 00b8 06       		.uleb128 0x6
 155 00b9 D0020000 		.4byte	.LASF18
 156 00bd 05       		.sleb128 5
ARM GAS  C:\Users\Alan\AppData\Local\Temp\ccwp3NgM.s 			page 6


 157 00be 06       		.uleb128 0x6
 158 00bf A0060000 		.4byte	.LASF19
 159 00c3 20       		.sleb128 32
 160 00c4 06       		.uleb128 0x6
 161 00c5 90040000 		.4byte	.LASF20
 162 00c9 21       		.sleb128 33
 163 00ca 06       		.uleb128 0x6
 164 00cb 00000000 		.4byte	.LASF21
 165 00cf 22       		.sleb128 34
 166 00d0 06       		.uleb128 0x6
 167 00d1 EC020000 		.4byte	.LASF22
 168 00d5 23       		.sleb128 35
 169 00d6 06       		.uleb128 0x6
 170 00d7 3A040000 		.4byte	.LASF23
 171 00db 24       		.sleb128 36
 172 00dc 06       		.uleb128 0x6
 173 00dd 50000000 		.4byte	.LASF24
 174 00e1 25       		.sleb128 37
 175 00e2 06       		.uleb128 0x6
 176 00e3 87020000 		.4byte	.LASF25
 177 00e7 26       		.sleb128 38
 178 00e8 06       		.uleb128 0x6
 179 00e9 68020000 		.4byte	.LASF26
 180 00ed 27       		.sleb128 39
 181 00ee 06       		.uleb128 0x6
 182 00ef 24000000 		.4byte	.LASF27
 183 00f3 28       		.sleb128 40
 184 00f4 06       		.uleb128 0x6
 185 00f5 C8040000 		.4byte	.LASF28
 186 00f9 29       		.sleb128 41
 187 00fa 06       		.uleb128 0x6
 188 00fb 09050000 		.4byte	.LASF29
 189 00ff 2A       		.sleb128 42
 190 0100 06       		.uleb128 0x6
 191 0101 A3050000 		.4byte	.LASF30
 192 0105 2B       		.sleb128 43
 193 0106 06       		.uleb128 0x6
 194 0107 E5040000 		.4byte	.LASF31
 195 010b 2C       		.sleb128 44
 196 010c 06       		.uleb128 0x6
 197 010d 99000000 		.4byte	.LASF32
 198 0111 C000     		.sleb128 64
 199 0113 06       		.uleb128 0x6
 200 0114 63040000 		.4byte	.LASF33
 201 0118 C100     		.sleb128 65
 202 011a 06       		.uleb128 0x6
 203 011b 07090000 		.4byte	.LASF34
 204 011f C200     		.sleb128 66
 205 0121 06       		.uleb128 0x6
 206 0122 FD000000 		.4byte	.LASF35
 207 0126 C300     		.sleb128 67
 208 0128 06       		.uleb128 0x6
 209 0129 6D070000 		.4byte	.LASF36
 210 012d C400     		.sleb128 68
 211 012f 06       		.uleb128 0x6
 212 0130 07070000 		.4byte	.LASF37
 213 0134 C500     		.sleb128 69
ARM GAS  C:\Users\Alan\AppData\Local\Temp\ccwp3NgM.s 			page 7


 214 0136 06       		.uleb128 0x6
 215 0137 4C070000 		.4byte	.LASF38
 216 013b C600     		.sleb128 70
 217 013d 06       		.uleb128 0x6
 218 013e CF030000 		.4byte	.LASF39
 219 0142 C700     		.sleb128 71
 220 0144 06       		.uleb128 0x6
 221 0145 13040000 		.4byte	.LASF40
 222 0149 C800     		.sleb128 72
 223 014b 06       		.uleb128 0x6
 224 014c D1010000 		.4byte	.LASF41
 225 0150 C900     		.sleb128 73
 226 0152 06       		.uleb128 0x6
 227 0153 66050000 		.4byte	.LASF42
 228 0157 CA00     		.sleb128 74
 229 0159 06       		.uleb128 0x6
 230 015a 35010000 		.4byte	.LASF43
 231 015e CB00     		.sleb128 75
 232 0160 06       		.uleb128 0x6
 233 0161 F9030000 		.4byte	.LASF44
 234 0165 CC00     		.sleb128 76
 235 0167 06       		.uleb128 0x6
 236 0168 EA010000 		.4byte	.LASF45
 237 016c CD00     		.sleb128 77
 238 016e 06       		.uleb128 0x6
 239 016f 2E070000 		.4byte	.LASF46
 240 0173 CE00     		.sleb128 78
 241 0175 06       		.uleb128 0x6
 242 0176 91030000 		.4byte	.LASF47
 243 017a CF00     		.sleb128 79
 244 017c 06       		.uleb128 0x6
 245 017d 9A080000 		.4byte	.LASF48
 246 0181 D000     		.sleb128 80
 247 0183 06       		.uleb128 0x6
 248 0184 84050000 		.4byte	.LASF49
 249 0188 D100     		.sleb128 81
 250 018a 06       		.uleb128 0x6
 251 018b AF020000 		.4byte	.LASF50
 252 018f D200     		.sleb128 82
 253 0191 06       		.uleb128 0x6
 254 0192 47020000 		.4byte	.LASF51
 255 0196 D300     		.sleb128 83
 256 0198 06       		.uleb128 0x6
 257 0199 54010000 		.4byte	.LASF52
 258 019d D400     		.sleb128 84
 259 019f 06       		.uleb128 0x6
 260 01a0 E3080000 		.4byte	.LASF53
 261 01a4 D500     		.sleb128 85
 262 01a6 06       		.uleb128 0x6
 263 01a7 EA070000 		.4byte	.LASF54
 264 01ab D600     		.sleb128 86
 265 01ad 06       		.uleb128 0x6
 266 01ae C1070000 		.4byte	.LASF55
 267 01b2 D700     		.sleb128 87
 268 01b4 06       		.uleb128 0x6
 269 01b5 4E030000 		.4byte	.LASF56
 270 01b9 F000     		.sleb128 112
ARM GAS  C:\Users\Alan\AppData\Local\Temp\ccwp3NgM.s 			page 8


 271 01bb 06       		.uleb128 0x6
 272 01bc 7A060000 		.4byte	.LASF57
 273 01c0 F100     		.sleb128 113
 274 01c2 06       		.uleb128 0x6
 275 01c3 37050000 		.4byte	.LASF58
 276 01c7 F200     		.sleb128 114
 277 01c9 06       		.uleb128 0x6
 278 01ca 8C010000 		.4byte	.LASF59
 279 01ce F300     		.sleb128 115
 280 01d0 06       		.uleb128 0x6
 281 01d1 22030000 		.4byte	.LASF60
 282 01d5 F400     		.sleb128 116
 283 01d7 06       		.uleb128 0x6
 284 01d8 A7040000 		.4byte	.LASF61
 285 01dc F500     		.sleb128 117
 286 01de 06       		.uleb128 0x6
 287 01df AA010000 		.4byte	.LASF62
 288 01e3 F600     		.sleb128 118
 289 01e5 06       		.uleb128 0x6
 290 01e6 5B060000 		.4byte	.LASF63
 291 01ea F700     		.sleb128 119
 292 01ec 06       		.uleb128 0x6
 293 01ed E0050000 		.4byte	.LASF64
 294 01f1 F800     		.sleb128 120
 295 01f3 06       		.uleb128 0x6
 296 01f4 0A060000 		.4byte	.LASF65
 297 01f8 F900     		.sleb128 121
 298 01fa 06       		.uleb128 0x6
 299 01fb 8B070000 		.4byte	.LASF66
 300 01ff FA00     		.sleb128 122
 301 0201 06       		.uleb128 0x6
 302 0202 C2050000 		.4byte	.LASF67
 303 0206 FA01     		.sleb128 250
 304 0208 06       		.uleb128 0x6
 305 0209 B0030000 		.4byte	.LASF68
 306 020d FB01     		.sleb128 251
 307 020f 06       		.uleb128 0x6
 308 0210 40030000 		.4byte	.LASF69
 309 0214 FF01     		.sleb128 255
 310 0216 00       		.byte	0
 311 0217 07       		.uleb128 0x7
 312 0218 B9080000 		.4byte	.LASF71
 313 021c 03       		.byte	0x3
 314 021d 8801     		.2byte	0x188
 315 021f 6B000000 		.4byte	0x6b
 316 0223 08       		.uleb128 0x8
 317 0224 06       		.byte	0x6
 318 0225 04       		.byte	0x4
 319 0226 50       		.byte	0x50
 320 0227 44020000 		.4byte	0x244
 321 022b 09       		.uleb128 0x9
 322 022c 2D060000 		.4byte	.LASF72
 323 0230 04       		.byte	0x4
 324 0231 53       		.byte	0x53
 325 0232 17020000 		.4byte	0x217
 326 0236 00       		.byte	0
 327 0237 09       		.uleb128 0x9
ARM GAS  C:\Users\Alan\AppData\Local\Temp\ccwp3NgM.s 			page 9


 328 0238 22010000 		.4byte	.LASF73
 329 023c 04       		.byte	0x4
 330 023d 55       		.byte	0x55
 331 023e 44020000 		.4byte	0x244
 332 0242 02       		.byte	0x2
 333 0243 00       		.byte	0
 334 0244 0A       		.uleb128 0xa
 335 0245 17020000 		.4byte	0x217
 336 0249 54020000 		.4byte	0x254
 337 024d 0B       		.uleb128 0xb
 338 024e 8B000000 		.4byte	0x8b
 339 0252 01       		.byte	0x1
 340 0253 00       		.byte	0
 341 0254 04       		.uleb128 0x4
 342 0255 29020000 		.4byte	.LASF74
 343 0259 04       		.byte	0x4
 344 025a 57       		.byte	0x57
 345 025b 23020000 		.4byte	0x223
 346 025f 08       		.uleb128 0x8
 347 0260 1A       		.byte	0x1a
 348 0261 04       		.byte	0x4
 349 0262 5A       		.byte	0x5a
 350 0263 80020000 		.4byte	0x280
 351 0267 09       		.uleb128 0x9
 352 0268 B3000000 		.4byte	.LASF75
 353 026c 04       		.byte	0x4
 354 026d 5D       		.byte	0x5d
 355 026e 17020000 		.4byte	0x217
 356 0272 00       		.byte	0
 357 0273 09       		.uleb128 0x9
 358 0274 82030000 		.4byte	.LASF76
 359 0278 04       		.byte	0x4
 360 0279 60       		.byte	0x60
 361 027a 80020000 		.4byte	0x280
 362 027e 02       		.byte	0x2
 363 027f 00       		.byte	0
 364 0280 0A       		.uleb128 0xa
 365 0281 54020000 		.4byte	0x254
 366 0285 90020000 		.4byte	0x290
 367 0289 0B       		.uleb128 0xb
 368 028a 8B000000 		.4byte	0x8b
 369 028e 03       		.byte	0x3
 370 028f 00       		.byte	0
 371 0290 04       		.uleb128 0x4
 372 0291 12030000 		.4byte	.LASF77
 373 0295 04       		.byte	0x4
 374 0296 62       		.byte	0x62
 375 0297 5F020000 		.4byte	0x25f
 376 029b 0C       		.uleb128 0xc
 377 029c D9000000 		.4byte	.LASF81
 378 02a0 01       		.byte	0x1
 379 02a1 66       		.byte	0x66
 380 02a2 00000000 		.4byte	.LFB2
 381 02a6 02000000 		.4byte	.LFE2-.LFB2
 382 02aa 01       		.uleb128 0x1
 383 02ab 9C       		.byte	0x9c
 384 02ac 0A       		.uleb128 0xa
ARM GAS  C:\Users\Alan\AppData\Local\Temp\ccwp3NgM.s 			page 10


 385 02ad 90020000 		.4byte	0x290
 386 02b1 BC020000 		.4byte	0x2bc
 387 02b5 0B       		.uleb128 0xb
 388 02b6 8B000000 		.4byte	0x8b
 389 02ba 00       		.byte	0
 390 02bb 00       		.byte	0
 391 02bc 0D       		.uleb128 0xd
 392 02bd D5080000 		.4byte	.LASF82
 393 02c1 01       		.byte	0x1
 394 02c2 1A       		.byte	0x1a
 395 02c3 CD020000 		.4byte	0x2cd
 396 02c7 05       		.uleb128 0x5
 397 02c8 03       		.byte	0x3
 398 02c9 00000000 		.4byte	cyBle_customs
 399 02cd 0E       		.uleb128 0xe
 400 02ce AC020000 		.4byte	0x2ac
 401 02d2 00       		.byte	0
 402              		.section	.debug_abbrev,"",%progbits
 403              	.Ldebug_abbrev0:
 404 0000 01       		.uleb128 0x1
 405 0001 11       		.uleb128 0x11
 406 0002 01       		.byte	0x1
 407 0003 25       		.uleb128 0x25
 408 0004 0E       		.uleb128 0xe
 409 0005 13       		.uleb128 0x13
 410 0006 0B       		.uleb128 0xb
 411 0007 03       		.uleb128 0x3
 412 0008 0E       		.uleb128 0xe
 413 0009 1B       		.uleb128 0x1b
 414 000a 0E       		.uleb128 0xe
 415 000b 55       		.uleb128 0x55
 416 000c 17       		.uleb128 0x17
 417 000d 11       		.uleb128 0x11
 418 000e 01       		.uleb128 0x1
 419 000f 10       		.uleb128 0x10
 420 0010 17       		.uleb128 0x17
 421 0011 00       		.byte	0
 422 0012 00       		.byte	0
 423 0013 02       		.uleb128 0x2
 424 0014 24       		.uleb128 0x24
 425 0015 00       		.byte	0
 426 0016 0B       		.uleb128 0xb
 427 0017 0B       		.uleb128 0xb
 428 0018 3E       		.uleb128 0x3e
 429 0019 0B       		.uleb128 0xb
 430 001a 03       		.uleb128 0x3
 431 001b 0E       		.uleb128 0xe
 432 001c 00       		.byte	0
 433 001d 00       		.byte	0
 434 001e 03       		.uleb128 0x3
 435 001f 24       		.uleb128 0x24
 436 0020 00       		.byte	0
 437 0021 0B       		.uleb128 0xb
 438 0022 0B       		.uleb128 0xb
 439 0023 3E       		.uleb128 0x3e
 440 0024 0B       		.uleb128 0xb
 441 0025 03       		.uleb128 0x3
ARM GAS  C:\Users\Alan\AppData\Local\Temp\ccwp3NgM.s 			page 11


 442 0026 08       		.uleb128 0x8
 443 0027 00       		.byte	0
 444 0028 00       		.byte	0
 445 0029 04       		.uleb128 0x4
 446 002a 16       		.uleb128 0x16
 447 002b 00       		.byte	0
 448 002c 03       		.uleb128 0x3
 449 002d 0E       		.uleb128 0xe
 450 002e 3A       		.uleb128 0x3a
 451 002f 0B       		.uleb128 0xb
 452 0030 3B       		.uleb128 0x3b
 453 0031 0B       		.uleb128 0xb
 454 0032 49       		.uleb128 0x49
 455 0033 13       		.uleb128 0x13
 456 0034 00       		.byte	0
 457 0035 00       		.byte	0
 458 0036 05       		.uleb128 0x5
 459 0037 04       		.uleb128 0x4
 460 0038 01       		.byte	0x1
 461 0039 0B       		.uleb128 0xb
 462 003a 0B       		.uleb128 0xb
 463 003b 3A       		.uleb128 0x3a
 464 003c 0B       		.uleb128 0xb
 465 003d 3B       		.uleb128 0x3b
 466 003e 0B       		.uleb128 0xb
 467 003f 01       		.uleb128 0x1
 468 0040 13       		.uleb128 0x13
 469 0041 00       		.byte	0
 470 0042 00       		.byte	0
 471 0043 06       		.uleb128 0x6
 472 0044 28       		.uleb128 0x28
 473 0045 00       		.byte	0
 474 0046 03       		.uleb128 0x3
 475 0047 0E       		.uleb128 0xe
 476 0048 1C       		.uleb128 0x1c
 477 0049 0D       		.uleb128 0xd
 478 004a 00       		.byte	0
 479 004b 00       		.byte	0
 480 004c 07       		.uleb128 0x7
 481 004d 16       		.uleb128 0x16
 482 004e 00       		.byte	0
 483 004f 03       		.uleb128 0x3
 484 0050 0E       		.uleb128 0xe
 485 0051 3A       		.uleb128 0x3a
 486 0052 0B       		.uleb128 0xb
 487 0053 3B       		.uleb128 0x3b
 488 0054 05       		.uleb128 0x5
 489 0055 49       		.uleb128 0x49
 490 0056 13       		.uleb128 0x13
 491 0057 00       		.byte	0
 492 0058 00       		.byte	0
 493 0059 08       		.uleb128 0x8
 494 005a 13       		.uleb128 0x13
 495 005b 01       		.byte	0x1
 496 005c 0B       		.uleb128 0xb
 497 005d 0B       		.uleb128 0xb
 498 005e 3A       		.uleb128 0x3a
ARM GAS  C:\Users\Alan\AppData\Local\Temp\ccwp3NgM.s 			page 12


 499 005f 0B       		.uleb128 0xb
 500 0060 3B       		.uleb128 0x3b
 501 0061 0B       		.uleb128 0xb
 502 0062 01       		.uleb128 0x1
 503 0063 13       		.uleb128 0x13
 504 0064 00       		.byte	0
 505 0065 00       		.byte	0
 506 0066 09       		.uleb128 0x9
 507 0067 0D       		.uleb128 0xd
 508 0068 00       		.byte	0
 509 0069 03       		.uleb128 0x3
 510 006a 0E       		.uleb128 0xe
 511 006b 3A       		.uleb128 0x3a
 512 006c 0B       		.uleb128 0xb
 513 006d 3B       		.uleb128 0x3b
 514 006e 0B       		.uleb128 0xb
 515 006f 49       		.uleb128 0x49
 516 0070 13       		.uleb128 0x13
 517 0071 38       		.uleb128 0x38
 518 0072 0B       		.uleb128 0xb
 519 0073 00       		.byte	0
 520 0074 00       		.byte	0
 521 0075 0A       		.uleb128 0xa
 522 0076 01       		.uleb128 0x1
 523 0077 01       		.byte	0x1
 524 0078 49       		.uleb128 0x49
 525 0079 13       		.uleb128 0x13
 526 007a 01       		.uleb128 0x1
 527 007b 13       		.uleb128 0x13
 528 007c 00       		.byte	0
 529 007d 00       		.byte	0
 530 007e 0B       		.uleb128 0xb
 531 007f 21       		.uleb128 0x21
 532 0080 00       		.byte	0
 533 0081 49       		.uleb128 0x49
 534 0082 13       		.uleb128 0x13
 535 0083 2F       		.uleb128 0x2f
 536 0084 0B       		.uleb128 0xb
 537 0085 00       		.byte	0
 538 0086 00       		.byte	0
 539 0087 0C       		.uleb128 0xc
 540 0088 2E       		.uleb128 0x2e
 541 0089 00       		.byte	0
 542 008a 3F       		.uleb128 0x3f
 543 008b 19       		.uleb128 0x19
 544 008c 03       		.uleb128 0x3
 545 008d 0E       		.uleb128 0xe
 546 008e 3A       		.uleb128 0x3a
 547 008f 0B       		.uleb128 0xb
 548 0090 3B       		.uleb128 0x3b
 549 0091 0B       		.uleb128 0xb
 550 0092 27       		.uleb128 0x27
 551 0093 19       		.uleb128 0x19
 552 0094 11       		.uleb128 0x11
 553 0095 01       		.uleb128 0x1
 554 0096 12       		.uleb128 0x12
 555 0097 06       		.uleb128 0x6
ARM GAS  C:\Users\Alan\AppData\Local\Temp\ccwp3NgM.s 			page 13


 556 0098 40       		.uleb128 0x40
 557 0099 18       		.uleb128 0x18
 558 009a 9742     		.uleb128 0x2117
 559 009c 19       		.uleb128 0x19
 560 009d 00       		.byte	0
 561 009e 00       		.byte	0
 562 009f 0D       		.uleb128 0xd
 563 00a0 34       		.uleb128 0x34
 564 00a1 00       		.byte	0
 565 00a2 03       		.uleb128 0x3
 566 00a3 0E       		.uleb128 0xe
 567 00a4 3A       		.uleb128 0x3a
 568 00a5 0B       		.uleb128 0xb
 569 00a6 3B       		.uleb128 0x3b
 570 00a7 0B       		.uleb128 0xb
 571 00a8 49       		.uleb128 0x49
 572 00a9 13       		.uleb128 0x13
 573 00aa 3F       		.uleb128 0x3f
 574 00ab 19       		.uleb128 0x19
 575 00ac 02       		.uleb128 0x2
 576 00ad 18       		.uleb128 0x18
 577 00ae 00       		.byte	0
 578 00af 00       		.byte	0
 579 00b0 0E       		.uleb128 0xe
 580 00b1 26       		.uleb128 0x26
 581 00b2 00       		.byte	0
 582 00b3 49       		.uleb128 0x49
 583 00b4 13       		.uleb128 0x13
 584 00b5 00       		.byte	0
 585 00b6 00       		.byte	0
 586 00b7 00       		.byte	0
 587              		.section	.debug_aranges,"",%progbits
 588 0000 1C000000 		.4byte	0x1c
 589 0004 0200     		.2byte	0x2
 590 0006 00000000 		.4byte	.Ldebug_info0
 591 000a 04       		.byte	0x4
 592 000b 00       		.byte	0
 593 000c 0000     		.2byte	0
 594 000e 0000     		.2byte	0
 595 0010 00000000 		.4byte	.LFB2
 596 0014 02000000 		.4byte	.LFE2-.LFB2
 597 0018 00000000 		.4byte	0
 598 001c 00000000 		.4byte	0
 599              		.section	.debug_ranges,"",%progbits
 600              	.Ldebug_ranges0:
 601 0000 00000000 		.4byte	.LFB2
 602 0004 02000000 		.4byte	.LFE2
 603 0008 00000000 		.4byte	0
 604 000c 00000000 		.4byte	0
 605              		.section	.debug_line,"",%progbits
 606              	.Ldebug_line0:
 607 0000 94000000 		.section	.debug_str,"MS",%progbits,1
 607      02007B00 
 607      00000201 
 607      FB0E0D00 
 607      01010101 
 608              	.LASF21:
ARM GAS  C:\Users\Alan\AppData\Local\Temp\ccwp3NgM.s 			page 14


 609 0000 4359424C 		.ascii	"CYBLE_EVT_GAP_PASSKEY_ENTRY_REQUEST\000"
 609      455F4556 
 609      545F4741 
 609      505F5041 
 609      53534B45 
 610              	.LASF27:
 611 0024 4359424C 		.ascii	"CYBLE_EVT_GAP_DEVICE_DISCONNECTED\000"
 611      455F4556 
 611      545F4741 
 611      505F4445 
 611      56494345 
 612              	.LASF2:
 613 0046 73686F72 		.ascii	"short int\000"
 613      7420696E 
 613      7400
 614              	.LASF24:
 615 0050 4359424C 		.ascii	"CYBLE_EVT_GAP_AUTH_FAILED\000"
 615      455F4556 
 615      545F4741 
 615      505F4155 
 615      54485F46 
 616              	.LASF12:
 617 006a 73697A65 		.ascii	"sizetype\000"
 617      74797065 
 617      00
 618              	.LASF79:
 619 0073 2E5C4765 		.ascii	".\\Generated_Source\\PSoC4\\ble_custom.c\000"
 619      6E657261 
 619      7465645F 
 619      536F7572 
 619      63655C50 
 620              	.LASF32:
 621 0099 4359424C 		.ascii	"CYBLE_EVT_GATTC_ERROR_RSP\000"
 621      455F4556 
 621      545F4741 
 621      5454435F 
 621      4552524F 
 622              	.LASF75:
 623 00b3 63757374 		.ascii	"customServHandle\000"
 623      6F6D5365 
 623      72764861 
 623      6E646C65 
 623      00
 624              	.LASF17:
 625 00c4 4359424C 		.ascii	"CYBLE_EVT_HCI_STATUS\000"
 625      455F4556 
 625      545F4843 
 625      495F5354 
 625      41545553 
 626              	.LASF81:
 627 00d9 4379426C 		.ascii	"CyBle_CustomInit\000"
 627      655F4375 
 627      73746F6D 
 627      496E6974 
 627      00
 628              	.LASF14:
 629 00ea 4359424C 		.ascii	"CYBLE_EVT_STACK_ON\000"
ARM GAS  C:\Users\Alan\AppData\Local\Temp\ccwp3NgM.s 			page 15


 629      455F4556 
 629      545F5354 
 629      41434B5F 
 629      4F4E00
 630              	.LASF35:
 631 00fd 4359424C 		.ascii	"CYBLE_EVT_GATTS_XCNHG_MTU_REQ\000"
 631      455F4556 
 631      545F4741 
 631      5454535F 
 631      58434E48 
 632              	.LASF70:
 633 011b 75696E74 		.ascii	"uint16\000"
 633      313600
 634              	.LASF73:
 635 0122 63757374 		.ascii	"customServCharDesc\000"
 635      6F6D5365 
 635      72764368 
 635      61724465 
 635      736300
 636              	.LASF43:
 637 0135 4359424C 		.ascii	"CYBLE_EVT_GATTC_READ_MULTI_RSP\000"
 637      455F4556 
 637      545F4741 
 637      5454435F 
 637      52454144 
 638              	.LASF52:
 639 0154 4359424C 		.ascii	"CYBLE_EVT_GATTS_HANDLE_VALUE_CNF\000"
 639      455F4556 
 639      545F4741 
 639      5454535F 
 639      48414E44 
 640              	.LASF13:
 641 0175 4359424C 		.ascii	"CYBLE_EVT_HOST_INVALID\000"
 641      455F4556 
 641      545F484F 
 641      53545F49 
 641      4E56414C 
 642              	.LASF59:
 643 018c 4359424C 		.ascii	"CYBLE_EVT_L2CAP_CBFC_CONN_IND\000"
 643      455F4556 
 643      545F4C32 
 643      4341505F 
 643      43424643 
 644              	.LASF62:
 645 01aa 4359424C 		.ascii	"CYBLE_EVT_L2CAP_CBFC_DISCONN_CNF\000"
 645      455F4556 
 645      545F4C32 
 645      4341505F 
 645      43424643 
 646              	.LASF9:
 647 01cb 666C6F61 		.ascii	"float\000"
 647      7400
 648              	.LASF41:
 649 01d1 4359424C 		.ascii	"CYBLE_EVT_GATTC_READ_RSP\000"
 649      455F4556 
 649      545F4741 
 649      5454435F 
ARM GAS  C:\Users\Alan\AppData\Local\Temp\ccwp3NgM.s 			page 16


 649      52454144 
 650              	.LASF45:
 651 01ea 4359424C 		.ascii	"CYBLE_EVT_GATTC_WRITE_RSP\000"
 651      455F4556 
 651      545F4741 
 651      5454435F 
 651      57524954 
 652              	.LASF6:
 653 0204 6C6F6E67 		.ascii	"long long int\000"
 653      206C6F6E 
 653      6720696E 
 653      7400
 654              	.LASF7:
 655 0212 6C6F6E67 		.ascii	"long long unsigned int\000"
 655      206C6F6E 
 655      6720756E 
 655      7369676E 
 655      65642069 
 656              	.LASF74:
 657 0229 4359424C 		.ascii	"CYBLE_CUSTOMS_INFO_T\000"
 657      455F4355 
 657      53544F4D 
 657      535F494E 
 657      464F5F54 
 658              	.LASF4:
 659 023e 6C6F6E67 		.ascii	"long int\000"
 659      20696E74 
 659      00
 660              	.LASF51:
 661 0247 4359424C 		.ascii	"CYBLE_EVT_GATTC_HANDLE_VALUE_IND\000"
 661      455F4556 
 661      545F4741 
 661      5454435F 
 661      48414E44 
 662              	.LASF26:
 663 0268 4359424C 		.ascii	"CYBLE_EVT_GAP_DEVICE_CONNECTED\000"
 663      455F4556 
 663      545F4741 
 663      505F4445 
 663      56494345 
 664              	.LASF25:
 665 0287 4359424C 		.ascii	"CYBLE_EVT_GAPP_ADVERTISEMENT_START_STOP\000"
 665      455F4556 
 665      545F4741 
 665      50505F41 
 665      44564552 
 666              	.LASF50:
 667 02af 4359424C 		.ascii	"CYBLE_EVT_GATTC_HANDLE_VALUE_NTF\000"
 667      455F4556 
 667      545F4741 
 667      5454435F 
 667      48414E44 
 668              	.LASF18:
 669 02d0 4359424C 		.ascii	"CYBLE_EVT_STACK_BUSY_STATUS\000"
 669      455F4556 
 669      545F5354 
 669      41434B5F 
ARM GAS  C:\Users\Alan\AppData\Local\Temp\ccwp3NgM.s 			page 17


 669      42555359 
 670              	.LASF22:
 671 02ec 4359424C 		.ascii	"CYBLE_EVT_GAP_PASSKEY_DISPLAY_REQUEST\000"
 671      455F4556 
 671      545F4741 
 671      505F5041 
 671      53534B45 
 672              	.LASF77:
 673 0312 4359424C 		.ascii	"CYBLE_CUSTOMS_T\000"
 673      455F4355 
 673      53544F4D 
 673      535F5400 
 674              	.LASF60:
 675 0322 4359424C 		.ascii	"CYBLE_EVT_L2CAP_CBFC_CONN_CNF\000"
 675      455F4556 
 675      545F4C32 
 675      4341505F 
 675      43424643 
 676              	.LASF69:
 677 0340 4359424C 		.ascii	"CYBLE_EVT_MAX\000"
 677      455F4556 
 677      545F4D41 
 677      5800
 678              	.LASF56:
 679 034e 4359424C 		.ascii	"CYBLE_EVT_L2CAP_CONN_PARAM_UPDATE_REQ\000"
 679      455F4556 
 679      545F4C32 
 679      4341505F 
 679      434F4E4E 
 680              	.LASF1:
 681 0374 756E7369 		.ascii	"unsigned char\000"
 681      676E6564 
 681      20636861 
 681      7200
 682              	.LASF76:
 683 0382 63757374 		.ascii	"customServInfo\000"
 683      6F6D5365 
 683      7276496E 
 683      666F00
 684              	.LASF47:
 685 0391 4359424C 		.ascii	"CYBLE_EVT_GATTS_PREP_WRITE_REQ\000"
 685      455F4556 
 685      545F4741 
 685      5454535F 
 685      50524550 
 686              	.LASF68:
 687 03b0 4359424C 		.ascii	"CYBLE_EVT_LE_PING_AUTH_TIMEOUT\000"
 687      455F4556 
 687      545F4C45 
 687      5F50494E 
 687      475F4155 
 688              	.LASF39:
 689 03cf 4359424C 		.ascii	"CYBLE_EVT_GATTC_FIND_INFO_RSP\000"
 689      455F4556 
 689      545F4741 
 689      5454435F 
 689      46494E44 
ARM GAS  C:\Users\Alan\AppData\Local\Temp\ccwp3NgM.s 			page 18


 690              	.LASF0:
 691 03ed 7369676E 		.ascii	"signed char\000"
 691      65642063 
 691      68617200 
 692              	.LASF44:
 693 03f9 4359424C 		.ascii	"CYBLE_EVT_GATTS_WRITE_REQ\000"
 693      455F4556 
 693      545F4741 
 693      5454535F 
 693      57524954 
 694              	.LASF40:
 695 0413 4359424C 		.ascii	"CYBLE_EVT_GATTC_FIND_BY_TYPE_VALUE_RSP\000"
 695      455F4556 
 695      545F4741 
 695      5454435F 
 695      46494E44 
 696              	.LASF23:
 697 043a 4359424C 		.ascii	"CYBLE_EVT_GAP_AUTH_COMPLETE\000"
 697      455F4556 
 697      545F4741 
 697      505F4155 
 697      54485F43 
 698              	.LASF8:
 699 0456 756E7369 		.ascii	"unsigned int\000"
 699      676E6564 
 699      20696E74 
 699      00
 700              	.LASF33:
 701 0463 4359424C 		.ascii	"CYBLE_EVT_GATT_CONNECT_IND\000"
 701      455F4556 
 701      545F4741 
 701      54545F43 
 701      4F4E4E45 
 702              	.LASF5:
 703 047e 6C6F6E67 		.ascii	"long unsigned int\000"
 703      20756E73 
 703      69676E65 
 703      6420696E 
 703      7400
 704              	.LASF20:
 705 0490 4359424C 		.ascii	"CYBLE_EVT_GAP_AUTH_REQ\000"
 705      455F4556 
 705      545F4741 
 705      505F4155 
 705      54485F52 
 706              	.LASF61:
 707 04a7 4359424C 		.ascii	"CYBLE_EVT_L2CAP_CBFC_DISCONN_IND\000"
 707      455F4556 
 707      545F4C32 
 707      4341505F 
 707      43424643 
 708              	.LASF28:
 709 04c8 4359424C 		.ascii	"CYBLE_EVT_GAP_ENCRYPT_CHANGE\000"
 709      455F4556 
 709      545F4741 
 709      505F454E 
 709      43525950 
ARM GAS  C:\Users\Alan\AppData\Local\Temp\ccwp3NgM.s 			page 19


 710              	.LASF31:
 711 04e5 4359424C 		.ascii	"CYBLE_EVT_GAP_KEYINFO_EXCHNGE_CMPLT\000"
 711      455F4556 
 711      545F4741 
 711      505F4B45 
 711      59494E46 
 712              	.LASF29:
 713 0509 4359424C 		.ascii	"CYBLE_EVT_GAP_CONNECTION_UPDATE_COMPLETE\000"
 713      455F4556 
 713      545F4741 
 713      505F434F 
 713      4E4E4543 
 714              	.LASF11:
 715 0532 63686172 		.ascii	"char\000"
 715      00
 716              	.LASF58:
 717 0537 4359424C 		.ascii	"CYBLE_EVT_L2CAP_COMMAND_REJ\000"
 717      455F4556 
 717      545F4C32 
 717      4341505F 
 717      434F4D4D 
 718              	.LASF3:
 719 0553 73686F72 		.ascii	"short unsigned int\000"
 719      7420756E 
 719      7369676E 
 719      65642069 
 719      6E7400
 720              	.LASF42:
 721 0566 4359424C 		.ascii	"CYBLE_EVT_GATTC_READ_BLOB_RSP\000"
 721      455F4556 
 721      545F4741 
 721      5454435F 
 721      52454144 
 722              	.LASF49:
 723 0584 4359424C 		.ascii	"CYBLE_EVT_GATTC_EXEC_WRITE_RSP\000"
 723      455F4556 
 723      545F4741 
 723      5454435F 
 723      45584543 
 724              	.LASF30:
 725 05a3 4359424C 		.ascii	"CYBLE_EVT_GAPC_SCAN_START_STOP\000"
 725      455F4556 
 725      545F4741 
 725      50435F53 
 725      43414E5F 
 726              	.LASF67:
 727 05c2 4359424C 		.ascii	"CYBLE_EVT_PENDING_FLASH_WRITE\000"
 727      455F4556 
 727      545F5045 
 727      4E44494E 
 727      475F464C 
 728              	.LASF64:
 729 05e0 4359424C 		.ascii	"CYBLE_EVT_L2CAP_CBFC_RX_CREDIT_IND\000"
 729      455F4556 
 729      545F4C32 
 729      4341505F 
 729      43424643 
ARM GAS  C:\Users\Alan\AppData\Local\Temp\ccwp3NgM.s 			page 20


 730              	.LASF10:
 731 0603 646F7562 		.ascii	"double\000"
 731      6C6500
 732              	.LASF65:
 733 060a 4359424C 		.ascii	"CYBLE_EVT_L2CAP_CBFC_TX_CREDIT_IND\000"
 733      455F4556 
 733      545F4C32 
 733      4341505F 
 733      43424643 
 734              	.LASF72:
 735 062d 63757374 		.ascii	"customServCharHandle\000"
 735      6F6D5365 
 735      72764368 
 735      61724861 
 735      6E646C65 
 736              	.LASF16:
 737 0642 4359424C 		.ascii	"CYBLE_EVT_HARDWARE_ERROR\000"
 737      455F4556 
 737      545F4841 
 737      52445741 
 737      52455F45 
 738              	.LASF63:
 739 065b 4359424C 		.ascii	"CYBLE_EVT_L2CAP_CBFC_DATA_READ\000"
 739      455F4556 
 739      545F4C32 
 739      4341505F 
 739      43424643 
 740              	.LASF57:
 741 067a 4359424C 		.ascii	"CYBLE_EVT_L2CAP_CONN_PARAM_UPDATE_RSP\000"
 741      455F4556 
 741      545F4C32 
 741      4341505F 
 741      434F4E4E 
 742              	.LASF19:
 743 06a0 4359424C 		.ascii	"CYBLE_EVT_GAPC_SCAN_PROGRESS_RESULT\000"
 743      455F4556 
 743      545F4741 
 743      50435F53 
 743      43414E5F 
 744              	.LASF80:
 745 06c4 5C5C766D 		.ascii	"\\\\vmware-host\\Shared Folders\\Documents\\BLEIOSA"
 745      77617265 
 745      2D686F73 
 745      745C5368 
 745      61726564 
 746 06f2 50505C72 		.ascii	"PP\\robot\\robot.cydsn\000"
 746      6F626F74 
 746      5C726F62 
 746      6F742E63 
 746      7964736E 
 747              	.LASF37:
 748 0707 4359424C 		.ascii	"CYBLE_EVT_GATTC_READ_BY_GROUP_TYPE_RSP\000"
 748      455F4556 
 748      545F4741 
 748      5454435F 
 748      52454144 
 749              	.LASF46:
ARM GAS  C:\Users\Alan\AppData\Local\Temp\ccwp3NgM.s 			page 21


 750 072e 4359424C 		.ascii	"CYBLE_EVT_GATTS_WRITE_CMD_REQ\000"
 750      455F4556 
 750      545F4741 
 750      5454535F 
 750      57524954 
 751              	.LASF38:
 752 074c 4359424C 		.ascii	"CYBLE_EVT_GATTC_READ_BY_TYPE_RSP\000"
 752      455F4556 
 752      545F4741 
 752      5454435F 
 752      52454144 
 753              	.LASF36:
 754 076d 4359424C 		.ascii	"CYBLE_EVT_GATTC_XCHNG_MTU_RSP\000"
 754      455F4556 
 754      545F4741 
 754      5454435F 
 754      5843484E 
 755              	.LASF66:
 756 078b 4359424C 		.ascii	"CYBLE_EVT_L2CAP_CBFC_DATA_WRITE_IND\000"
 756      455F4556 
 756      545F4C32 
 756      4341505F 
 756      43424643 
 757              	.LASF15:
 758 07af 4359424C 		.ascii	"CYBLE_EVT_TIMEOUT\000"
 758      455F4556 
 758      545F5449 
 758      4D454F55 
 758      5400
 759              	.LASF55:
 760 07c1 4359424C 		.ascii	"CYBLE_EVT_GATTS_READ_CHAR_VAL_ACCESS_REQ\000"
 760      455F4556 
 760      545F4741 
 760      5454535F 
 760      52454144 
 761              	.LASF54:
 762 07ea 4359424C 		.ascii	"CYBLE_EVT_GATTC_STOP_CMD_COMPLETE\000"
 762      455F4556 
 762      545F4741 
 762      5454435F 
 762      53544F50 
 763              	.LASF78:
 764 080c 474E5520 		.ascii	"GNU C 4.9.3 20150303 (release) [ARM/embedded-4_9-br"
 764      4320342E 
 764      392E3320 
 764      32303135 
 764      30333033 
 765 083f 616E6368 		.ascii	"anch revision 221220] -mcpu=cortex-m0 -mthumb -g -O"
 765      20726576 
 765      6973696F 
 765      6E203232 
 765      31323230 
 766 0872 67202D66 		.ascii	"g -ffunction-sections -ffat-lto-objects\000"
 766      66756E63 
 766      74696F6E 
 766      2D736563 
 766      74696F6E 
ARM GAS  C:\Users\Alan\AppData\Local\Temp\ccwp3NgM.s 			page 22


 767              	.LASF48:
 768 089a 4359424C 		.ascii	"CYBLE_EVT_GATTS_EXEC_WRITE_REQ\000"
 768      455F4556 
 768      545F4741 
 768      5454535F 
 768      45584543 
 769              	.LASF71:
 770 08b9 4359424C 		.ascii	"CYBLE_GATT_DB_ATTR_HANDLE_T\000"
 770      455F4741 
 770      54545F44 
 770      425F4154 
 770      54525F48 
 771              	.LASF82:
 772 08d5 6379426C 		.ascii	"cyBle_customs\000"
 772      655F6375 
 772      73746F6D 
 772      7300
 773              	.LASF53:
 774 08e3 4359424C 		.ascii	"CYBLE_EVT_GATTS_DATA_SIGNED_CMD_REQ\000"
 774      455F4556 
 774      545F4741 
 774      5454535F 
 774      44415441 
 775              	.LASF34:
 776 0907 4359424C 		.ascii	"CYBLE_EVT_GATT_DISCONNECT_IND\000"
 776      455F4556 
 776      545F4741 
 776      54545F44 
 776      4953434F 
 777              		.ident	"GCC: (GNU Tools for ARM Embedded Processors) 4.9.3 20150303 (release) [ARM/embedded-4_9-br
