--------------- Clean Started: 02/01/2016 14:07:07 Project: robot, Configuration: ARM GCC 4.9-2015-q1-update Debug ---------------
Deleting file ".\CortexM0\ARM_GCC_493\Debug\main.o"
Deleting file ".\CortexM0\ARM_GCC_493\Debug\cyfitter_cfg.o"
Deleting file ".\CortexM0\ARM_GCC_493\Debug\cymetadata.o"
Deleting file ".\CortexM0\ARM_GCC_493\Debug\ble.o"
Deleting file ".\CortexM0\ARM_GCC_493\Debug\ble_gatt.o"
Deleting file ".\CortexM0\ARM_GCC_493\Debug\ble_eventHandler.o"
Deleting file ".\CortexM0\ARM_GCC_493\Debug\ble_HAL_INT.o"
Deleting file ".\CortexM0\ARM_GCC_493\Debug\ble_HAL_PVT.o"
Deleting file ".\CortexM0\ARM_GCC_493\Debug\ble_custom.o"
Deleting file ".\CortexM0\ARM_GCC_493\Debug\Control.o"
Deleting file ".\CortexM0\ARM_GCC_493\Debug\swint.o"
Deleting file ".\CortexM0\ARM_GCC_493\Debug\PWMLEFT.o"
Deleting file ".\CortexM0\ARM_GCC_493\Debug\PWMLEFT_PM.o"
Deleting file ".\CortexM0\ARM_GCC_493\Debug\PWMRIGHT.o"
Deleting file ".\CortexM0\ARM_GCC_493\Debug\PWMRIGHT_PM.o"
Deleting file ".\CortexM0\ARM_GCC_493\Debug\QDLEFT.o"
Deleting file ".\CortexM0\ARM_GCC_493\Debug\QDLEFT_PM.o"
Deleting file ".\CortexM0\ARM_GCC_493\Debug\QDRIGHT.o"
Deleting file ".\CortexM0\ARM_GCC_493\Debug\QDRIGHT_PM.o"
Deleting file ".\CortexM0\ARM_GCC_493\Debug\tachPwm.o"
Deleting file ".\CortexM0\ARM_GCC_493\Debug\tachPwm_PM.o"
Deleting file ".\CortexM0\ARM_GCC_493\Debug\ledpwm.o"
Deleting file ".\CortexM0\ARM_GCC_493\Debug\ledpwm_PM.o"
Deleting file ".\CortexM0\ARM_GCC_493\Debug\Clock_1.o"
Deleting file ".\CortexM0\ARM_GCC_493\Debug\tachTimer.o"
Deleting file ".\CortexM0\ARM_GCC_493\Debug\red.o"
Deleting file ".\CortexM0\ARM_GCC_493\Debug\M1.o"
Deleting file ".\CortexM0\ARM_GCC_493\Debug\M2.o"
Deleting file ".\CortexM0\ARM_GCC_493\Debug\POWERLEFT.o"
Deleting file ".\CortexM0\ARM_GCC_493\Debug\GNDLEFT.o"
Deleting file ".\CortexM0\ARM_GCC_493\Debug\DIRLEFT.o"
Deleting file ".\CortexM0\ARM_GCC_493\Debug\POWERRIGHT.o"
Deleting file ".\CortexM0\ARM_GCC_493\Debug\GNDRIGHT.o"
Deleting file ".\CortexM0\ARM_GCC_493\Debug\DIRRIGHT.o"
Deleting file ".\CortexM0\ARM_GCC_493\Debug\Clock_2.o"
Deleting file ".\CortexM0\ARM_GCC_493\Debug\qd1a.o"
Deleting file ".\CortexM0\ARM_GCC_493\Debug\qd1b.o"
Deleting file ".\CortexM0\ARM_GCC_493\Debug\qd2a.o"
Deleting file ".\CortexM0\ARM_GCC_493\Debug\qd2b.o"
Deleting file ".\CortexM0\ARM_GCC_493\Debug\ble_bless_isr.o"
Deleting file ".\CortexM0\ARM_GCC_493\Debug\Cm0Start.o"
Deleting file ".\CortexM0\ARM_GCC_493\Debug\CyBootAsmGnu.o"
Deleting file ".\CortexM0\ARM_GCC_493\Debug\CyFlash.o"
Deleting file ".\CortexM0\ARM_GCC_493\Debug\CyLib.o"
Deleting file ".\CortexM0\ARM_GCC_493\Debug\cyPm.o"
Deleting file ".\CortexM0\ARM_GCC_493\Debug\cyutils.o"
Deleting file ".\CortexM0\ARM_GCC_493\Debug\CyLFClk.o"
Deleting file ".\CortexM0\ARM_GCC_493\Debug\robot.hex"
Deleting file ".\CortexM0\ARM_GCC_493\Debug\robot.elf"
Deleting file ".\CortexM0\ARM_GCC_493\Debug\robot.map"
Deleting file ".\robot.cycdx"
Deleting file ".\robot.svd"
Deleting file ".\robot.rpt"
Deleting file ".\robot_timing.html"
Deleting file ".\CortexM0\ARM_GCC_493\Debug\.deps\C_FILE.P"
Deleting file ".\CortexM0\ARM_GCC_493\Debug\.deps\ARM_C_FILE.P"
Deleting file ".\CortexM0\ARM_GCC_493\Debug\.deps\GNU_ARM_ASM_FILE.P"
--------------- Clean Succeeded: 02/01/2016 14:07:08 ---------------
