ARM GAS  C:\Users\Alan\AppData\Local\Temp\ccOeUmP3.s 			page 1


   1              		.cpu cortex-m0
   2              		.fpu softvfp
   3              		.eabi_attribute 20, 1
   4              		.eabi_attribute 21, 1
   5              		.eabi_attribute 23, 3
   6              		.eabi_attribute 24, 1
   7              		.eabi_attribute 25, 1
   8              		.eabi_attribute 26, 1
   9              		.eabi_attribute 30, 1
  10              		.eabi_attribute 34, 0
  11              		.eabi_attribute 18, 4
  12              		.code	16
  13              		.file	"cymetadata.c"
  14              		.text
  15              	.Ltext0:
  16              		.cfi_sections	.debug_frame
  17              		.global	cy_meta_chipprotect
  18              		.global	cy_metadata
  19              		.global	cy_meta_flashprotect
  20              		.section	.cychipprotect,"a",%progbits
  21              		.align	2
  22              		.type	cy_meta_chipprotect, %object
  23              		.size	cy_meta_chipprotect, 1
  24              	cy_meta_chipprotect:
  25 0000 01       		.byte	1
  26 0001 000000   		.section	.cymeta,"a",%progbits
  27              		.align	2
  28              		.type	cy_metadata, %object
  29              		.size	cy_metadata, 12
  30              	cy_metadata:
  31 0000 00       		.byte	0
  32 0001 02       		.byte	2
  33 0002 0E       		.byte	14
  34 0003 34       		.byte	52
  35 0004 11       		.byte	17
  36 0005 9E       		.byte	-98
  37 0006 00       		.byte	0
  38 0007 01       		.byte	1
  39 0008 00       		.byte	0
  40 0009 00       		.byte	0
  41 000a 00       		.byte	0
  42 000b 00       		.byte	0
  43              		.section	.cyflashprotect,"a",%progbits
  44              		.align	2
  45              		.type	cy_meta_flashprotect, %object
  46              		.size	cy_meta_flashprotect, 128
  47              	cy_meta_flashprotect:
  48 0000 00000000 		.space	128
  48      00000000 
  48      00000000 
  48      00000000 
  48      00000000 
  49              		.text
  50              	.Letext0:
  51              		.file 1 ".\\Generated_Source\\PSoC4\\cymetadata.c"
  52              		.file 2 ".\\Generated_Source\\PSoC4\\cytypes.h"
  53              		.section	.debug_info,"",%progbits
ARM GAS  C:\Users\Alan\AppData\Local\Temp\ccOeUmP3.s 			page 2


  54              	.Ldebug_info0:
  55 0000 F9000000 		.4byte	0xf9
  56 0004 0400     		.2byte	0x4
  57 0006 00000000 		.4byte	.Ldebug_abbrev0
  58 000a 04       		.byte	0x4
  59 000b 01       		.uleb128 0x1
  60 000c DB000000 		.4byte	.LASF16
  61 0010 01       		.byte	0x1
  62 0011 60000000 		.4byte	.LASF17
  63 0015 8E010000 		.4byte	.LASF18
  64 0019 00000000 		.4byte	.Ldebug_line0
  65 001d 02       		.uleb128 0x2
  66 001e 01       		.byte	0x1
  67 001f 06       		.byte	0x6
  68 0020 82010000 		.4byte	.LASF0
  69 0024 02       		.uleb128 0x2
  70 0025 01       		.byte	0x1
  71 0026 08       		.byte	0x8
  72 0027 26000000 		.4byte	.LASF1
  73 002b 02       		.uleb128 0x2
  74 002c 02       		.byte	0x2
  75 002d 05       		.byte	0x5
  76 002e 69010000 		.4byte	.LASF2
  77 0032 02       		.uleb128 0x2
  78 0033 02       		.byte	0x2
  79 0034 07       		.byte	0x7
  80 0035 46000000 		.4byte	.LASF3
  81 0039 02       		.uleb128 0x2
  82 003a 04       		.byte	0x4
  83 003b 05       		.byte	0x5
  84 003c 79010000 		.4byte	.LASF4
  85 0040 02       		.uleb128 0x2
  86 0041 04       		.byte	0x4
  87 0042 07       		.byte	0x7
  88 0043 34000000 		.4byte	.LASF5
  89 0047 02       		.uleb128 0x2
  90 0048 08       		.byte	0x8
  91 0049 05       		.byte	0x5
  92 004a C8000000 		.4byte	.LASF6
  93 004e 02       		.uleb128 0x2
  94 004f 08       		.byte	0x8
  95 0050 07       		.byte	0x7
  96 0051 93000000 		.4byte	.LASF7
  97 0055 03       		.uleb128 0x3
  98 0056 04       		.byte	0x4
  99 0057 05       		.byte	0x5
 100 0058 696E7400 		.ascii	"int\000"
 101 005c 02       		.uleb128 0x2
 102 005d 04       		.byte	0x4
 103 005e 07       		.byte	0x7
 104 005f 86000000 		.4byte	.LASF8
 105 0063 04       		.uleb128 0x4
 106 0064 73010000 		.4byte	.LASF19
 107 0068 02       		.byte	0x2
 108 0069 C2       		.byte	0xc2
 109 006a 24000000 		.4byte	0x24
 110 006e 02       		.uleb128 0x2
ARM GAS  C:\Users\Alan\AppData\Local\Temp\ccOeUmP3.s 			page 3


 111 006f 04       		.byte	0x4
 112 0070 04       		.byte	0x4
 113 0071 20000000 		.4byte	.LASF9
 114 0075 02       		.uleb128 0x2
 115 0076 08       		.byte	0x8
 116 0077 04       		.byte	0x4
 117 0078 59000000 		.4byte	.LASF10
 118 007c 02       		.uleb128 0x2
 119 007d 01       		.byte	0x1
 120 007e 08       		.byte	0x8
 121 007f D6000000 		.4byte	.LASF11
 122 0083 05       		.uleb128 0x5
 123 0084 63000000 		.4byte	0x63
 124 0088 93000000 		.4byte	0x93
 125 008c 06       		.uleb128 0x6
 126 008d 93000000 		.4byte	0x93
 127 0091 7F       		.byte	0x7f
 128 0092 00       		.byte	0
 129 0093 02       		.uleb128 0x2
 130 0094 04       		.byte	0x4
 131 0095 07       		.byte	0x7
 132 0096 BF000000 		.4byte	.LASF12
 133 009a 07       		.uleb128 0x7
 134 009b AA000000 		.4byte	.LASF13
 135 009f 01       		.byte	0x1
 136 00a0 1F       		.byte	0x1f
 137 00a1 AB000000 		.4byte	0xab
 138 00a5 05       		.uleb128 0x5
 139 00a6 03       		.byte	0x3
 140 00a7 00000000 		.4byte	cy_meta_flashprotect
 141 00ab 08       		.uleb128 0x8
 142 00ac 83000000 		.4byte	0x83
 143 00b0 05       		.uleb128 0x5
 144 00b1 63000000 		.4byte	0x63
 145 00b5 C0000000 		.4byte	0xc0
 146 00b9 06       		.uleb128 0x6
 147 00ba 93000000 		.4byte	0x93
 148 00be 0B       		.byte	0xb
 149 00bf 00       		.byte	0
 150 00c0 07       		.uleb128 0x7
 151 00c1 14000000 		.4byte	.LASF14
 152 00c5 01       		.byte	0x1
 153 00c6 3C       		.byte	0x3c
 154 00c7 D1000000 		.4byte	0xd1
 155 00cb 05       		.uleb128 0x5
 156 00cc 03       		.byte	0x3
 157 00cd 00000000 		.4byte	cy_metadata
 158 00d1 08       		.uleb128 0x8
 159 00d2 B0000000 		.4byte	0xb0
 160 00d6 05       		.uleb128 0x5
 161 00d7 63000000 		.4byte	0x63
 162 00db E6000000 		.4byte	0xe6
 163 00df 06       		.uleb128 0x6
 164 00e0 93000000 		.4byte	0x93
 165 00e4 00       		.byte	0
 166 00e5 00       		.byte	0
 167 00e6 07       		.uleb128 0x7
ARM GAS  C:\Users\Alan\AppData\Local\Temp\ccOeUmP3.s 			page 4


 168 00e7 00000000 		.4byte	.LASF15
 169 00eb 01       		.byte	0x1
 170 00ec 4B       		.byte	0x4b
 171 00ed F7000000 		.4byte	0xf7
 172 00f1 05       		.uleb128 0x5
 173 00f2 03       		.byte	0x3
 174 00f3 00000000 		.4byte	cy_meta_chipprotect
 175 00f7 08       		.uleb128 0x8
 176 00f8 D6000000 		.4byte	0xd6
 177 00fc 00       		.byte	0
 178              		.section	.debug_abbrev,"",%progbits
 179              	.Ldebug_abbrev0:
 180 0000 01       		.uleb128 0x1
 181 0001 11       		.uleb128 0x11
 182 0002 01       		.byte	0x1
 183 0003 25       		.uleb128 0x25
 184 0004 0E       		.uleb128 0xe
 185 0005 13       		.uleb128 0x13
 186 0006 0B       		.uleb128 0xb
 187 0007 03       		.uleb128 0x3
 188 0008 0E       		.uleb128 0xe
 189 0009 1B       		.uleb128 0x1b
 190 000a 0E       		.uleb128 0xe
 191 000b 10       		.uleb128 0x10
 192 000c 17       		.uleb128 0x17
 193 000d 00       		.byte	0
 194 000e 00       		.byte	0
 195 000f 02       		.uleb128 0x2
 196 0010 24       		.uleb128 0x24
 197 0011 00       		.byte	0
 198 0012 0B       		.uleb128 0xb
 199 0013 0B       		.uleb128 0xb
 200 0014 3E       		.uleb128 0x3e
 201 0015 0B       		.uleb128 0xb
 202 0016 03       		.uleb128 0x3
 203 0017 0E       		.uleb128 0xe
 204 0018 00       		.byte	0
 205 0019 00       		.byte	0
 206 001a 03       		.uleb128 0x3
 207 001b 24       		.uleb128 0x24
 208 001c 00       		.byte	0
 209 001d 0B       		.uleb128 0xb
 210 001e 0B       		.uleb128 0xb
 211 001f 3E       		.uleb128 0x3e
 212 0020 0B       		.uleb128 0xb
 213 0021 03       		.uleb128 0x3
 214 0022 08       		.uleb128 0x8
 215 0023 00       		.byte	0
 216 0024 00       		.byte	0
 217 0025 04       		.uleb128 0x4
 218 0026 16       		.uleb128 0x16
 219 0027 00       		.byte	0
 220 0028 03       		.uleb128 0x3
 221 0029 0E       		.uleb128 0xe
 222 002a 3A       		.uleb128 0x3a
 223 002b 0B       		.uleb128 0xb
 224 002c 3B       		.uleb128 0x3b
ARM GAS  C:\Users\Alan\AppData\Local\Temp\ccOeUmP3.s 			page 5


 225 002d 0B       		.uleb128 0xb
 226 002e 49       		.uleb128 0x49
 227 002f 13       		.uleb128 0x13
 228 0030 00       		.byte	0
 229 0031 00       		.byte	0
 230 0032 05       		.uleb128 0x5
 231 0033 01       		.uleb128 0x1
 232 0034 01       		.byte	0x1
 233 0035 49       		.uleb128 0x49
 234 0036 13       		.uleb128 0x13
 235 0037 01       		.uleb128 0x1
 236 0038 13       		.uleb128 0x13
 237 0039 00       		.byte	0
 238 003a 00       		.byte	0
 239 003b 06       		.uleb128 0x6
 240 003c 21       		.uleb128 0x21
 241 003d 00       		.byte	0
 242 003e 49       		.uleb128 0x49
 243 003f 13       		.uleb128 0x13
 244 0040 2F       		.uleb128 0x2f
 245 0041 0B       		.uleb128 0xb
 246 0042 00       		.byte	0
 247 0043 00       		.byte	0
 248 0044 07       		.uleb128 0x7
 249 0045 34       		.uleb128 0x34
 250 0046 00       		.byte	0
 251 0047 03       		.uleb128 0x3
 252 0048 0E       		.uleb128 0xe
 253 0049 3A       		.uleb128 0x3a
 254 004a 0B       		.uleb128 0xb
 255 004b 3B       		.uleb128 0x3b
 256 004c 0B       		.uleb128 0xb
 257 004d 49       		.uleb128 0x49
 258 004e 13       		.uleb128 0x13
 259 004f 3F       		.uleb128 0x3f
 260 0050 19       		.uleb128 0x19
 261 0051 02       		.uleb128 0x2
 262 0052 18       		.uleb128 0x18
 263 0053 00       		.byte	0
 264 0054 00       		.byte	0
 265 0055 08       		.uleb128 0x8
 266 0056 26       		.uleb128 0x26
 267 0057 00       		.byte	0
 268 0058 49       		.uleb128 0x49
 269 0059 13       		.uleb128 0x13
 270 005a 00       		.byte	0
 271 005b 00       		.byte	0
 272 005c 00       		.byte	0
 273              		.section	.debug_aranges,"",%progbits
 274 0000 14000000 		.4byte	0x14
 275 0004 0200     		.2byte	0x2
 276 0006 00000000 		.4byte	.Ldebug_info0
 277 000a 04       		.byte	0x4
 278 000b 00       		.byte	0
 279 000c 0000     		.2byte	0
 280 000e 0000     		.2byte	0
 281 0010 00000000 		.4byte	0
ARM GAS  C:\Users\Alan\AppData\Local\Temp\ccOeUmP3.s 			page 6


 282 0014 00000000 		.4byte	0
 283              		.section	.debug_line,"",%progbits
 284              	.Ldebug_line0:
 285 0000 4F000000 		.section	.debug_str,"MS",%progbits,1
 285      02004900 
 285      00000201 
 285      FB0E0D00 
 285      01010101 
 286              	.LASF15:
 287 0000 63795F6D 		.ascii	"cy_meta_chipprotect\000"
 287      6574615F 
 287      63686970 
 287      70726F74 
 287      65637400 
 288              	.LASF14:
 289 0014 63795F6D 		.ascii	"cy_metadata\000"
 289      65746164 
 289      61746100 
 290              	.LASF9:
 291 0020 666C6F61 		.ascii	"float\000"
 291      7400
 292              	.LASF1:
 293 0026 756E7369 		.ascii	"unsigned char\000"
 293      676E6564 
 293      20636861 
 293      7200
 294              	.LASF5:
 295 0034 6C6F6E67 		.ascii	"long unsigned int\000"
 295      20756E73 
 295      69676E65 
 295      6420696E 
 295      7400
 296              	.LASF3:
 297 0046 73686F72 		.ascii	"short unsigned int\000"
 297      7420756E 
 297      7369676E 
 297      65642069 
 297      6E7400
 298              	.LASF10:
 299 0059 646F7562 		.ascii	"double\000"
 299      6C6500
 300              	.LASF17:
 301 0060 2E5C4765 		.ascii	".\\Generated_Source\\PSoC4\\cymetadata.c\000"
 301      6E657261 
 301      7465645F 
 301      536F7572 
 301      63655C50 
 302              	.LASF8:
 303 0086 756E7369 		.ascii	"unsigned int\000"
 303      676E6564 
 303      20696E74 
 303      00
 304              	.LASF7:
 305 0093 6C6F6E67 		.ascii	"long long unsigned int\000"
 305      206C6F6E 
 305      6720756E 
 305      7369676E 
ARM GAS  C:\Users\Alan\AppData\Local\Temp\ccOeUmP3.s 			page 7


 305      65642069 
 306              	.LASF13:
 307 00aa 63795F6D 		.ascii	"cy_meta_flashprotect\000"
 307      6574615F 
 307      666C6173 
 307      6870726F 
 307      74656374 
 308              	.LASF12:
 309 00bf 73697A65 		.ascii	"sizetype\000"
 309      74797065 
 309      00
 310              	.LASF6:
 311 00c8 6C6F6E67 		.ascii	"long long int\000"
 311      206C6F6E 
 311      6720696E 
 311      7400
 312              	.LASF11:
 313 00d6 63686172 		.ascii	"char\000"
 313      00
 314              	.LASF16:
 315 00db 474E5520 		.ascii	"GNU C 4.9.3 20150303 (release) [ARM/embedded-4_9-br"
 315      4320342E 
 315      392E3320 
 315      32303135 
 315      30333033 
 316 010e 616E6368 		.ascii	"anch revision 221220] -mcpu=cortex-m0 -mthumb -g -O"
 316      20726576 
 316      6973696F 
 316      6E203232 
 316      31323230 
 317 0141 67202D66 		.ascii	"g -ffunction-sections -ffat-lto-objects\000"
 317      66756E63 
 317      74696F6E 
 317      2D736563 
 317      74696F6E 
 318              	.LASF2:
 319 0169 73686F72 		.ascii	"short int\000"
 319      7420696E 
 319      7400
 320              	.LASF19:
 321 0173 75696E74 		.ascii	"uint8\000"
 321      3800
 322              	.LASF4:
 323 0179 6C6F6E67 		.ascii	"long int\000"
 323      20696E74 
 323      00
 324              	.LASF0:
 325 0182 7369676E 		.ascii	"signed char\000"
 325      65642063 
 325      68617200 
 326              	.LASF18:
 327 018e 5C5C766D 		.ascii	"\\\\vmware-host\\Shared Folders\\Documents\\BLEIOSA"
 327      77617265 
 327      2D686F73 
 327      745C5368 
 327      61726564 
 328 01bc 50505C63 		.ascii	"PP\\capsenseled\\capsenseled.cydsn\000"
ARM GAS  C:\Users\Alan\AppData\Local\Temp\ccOeUmP3.s 			page 8


 328      61707365 
 328      6E73656C 
 328      65645C63 
 328      61707365 
 329              		.ident	"GCC: (GNU Tools for ARM Embedded Processors) 4.9.3 20150303 (release) [ARM/embedded-4_9-br
